#
# There is insufficient memory for the Java Runtime Environment to continue.
# Native memory allocation (malloc) failed to allocate 1937248 bytes for Chunk::new
# Possible reasons:
#   The system is out of physical RAM or swap space
#   The process is running with CompressedOops enabled, and the Java Heap may be blocking the growth of the native heap
# Possible solutions:
#   Reduce memory load on the system
#   Increase physical memory or swap space
#   Check if swap backing store is full
#   Decrease Java heap size (-Xmx/-Xms)
#   Decrease number of Java threads
#   Decrease Java thread stack sizes (-Xss)
#   Set larger code cache with -XX:ReservedCodeCacheSize=
#   JVM is running with Zero Based Compressed Oops mode in which the Java heap is
#     placed in the first 32GB address space. The Java Heap base address is the
#     maximum limit for the native heap growth. Please use -XX:HeapBaseMinAddress
#     to set the Java Heap base and to place the Java Heap above 32GB virtual address.
# This output file may be truncated or incomplete.
#
#  Out of Memory Error (arena.cpp:191), pid=21700, tid=21632
#
# JRE version: OpenJDK Runtime Environment (17.0.9) (build 17.0.9+0--11185874)
# Java VM: OpenJDK 64-Bit Server VM (17.0.9+0--11185874, mixed mode, tiered, compressed oops, compressed class ptrs, g1 gc, windows-amd64)
# No core dump will be written. Minidumps are not enabled by default on client versions of Windows
#

---------------  S U M M A R Y ------------

Command Line: org.jetbrains.kotlin.cli.jvm.K2JVMCompiler @C:\Users\sotch\AndroidStudioProjects\ADOPSE_APP\ADOPSE_APP\app\build\20240423_10436587816036816747.compiler.options

Host: Intel(R) Core(TM) i3-10105 CPU @ 3.70GHz, 8 cores, 15G,  Windows 11 , 64 bit Build 22621 (10.0.22621.3374)
Time: Tue Apr 23 00:11:27 2024  Windows 11 , 64 bit Build 22621 (10.0.22621.3374) elapsed time: 8.522865 seconds (0d 0h 0m 8s)

---------------  T H R E A D  ---------------

Current thread (0x00000199f8fe0030):  JavaThread "C2 CompilerThread1" daemon [_thread_in_native, id=21632, stack(0x0000008980100000,0x0000008980200000)]


Current CompileTask:
C2:   8522 10473       4       jdk.internal.org.objectweb.asm.Frame::execute (2305 bytes)

Stack: [0x0000008980100000,0x0000008980200000]
Native frames: (J=compiled Java code, j=interpreted, Vv=VM code, C=native code)
V  [jvm.dll+0x6886e9]
V  [jvm.dll+0x841e4a]
V  [jvm.dll+0x843a8e]
V  [jvm.dll+0x8440f3]
V  [jvm.dll+0x24c14f]
V  [jvm.dll+0xac44c]
V  [jvm.dll+0xaca9c]
V  [jvm.dll+0x36c1f7]
V  [jvm.dll+0x33651a]
V  [jvm.dll+0x3359ba]
V  [jvm.dll+0x21ddb1]
V  [jvm.dll+0x21d1d1]
V  [jvm.dll+0x1a674d]
V  [jvm.dll+0x22d088]
V  [jvm.dll+0x22b1c0]
V  [jvm.dll+0x7f62f7]
V  [jvm.dll+0x7f06aa]
V  [jvm.dll+0x687565]
C  [ucrtbase.dll+0x29333]
C  [KERNEL32.DLL+0x1257d]
C  [ntdll.dll+0x5aa48]


---------------  P R O C E S S  ---------------

Threads class SMR info:
_java_thread_list=0x00000199fa8ede40, length=14, elements={
0x00000199d52db2d0, 0x00000199f8072260, 0x00000199f8072ff0, 0x00000199f808b070,
0x00000199f808ccb0, 0x00000199f808d580, 0x00000199f808de50, 0x00000199f808ea50,
0x00000199f80ac660, 0x00000199f80adcb0, 0x00000199f82220b0, 0x00000199f822e570,
0x00000199f8fe0030, 0x00000199fa76ed90
}

Java Threads: ( => current thread )
  0x00000199d52db2d0 JavaThread "main" [_thread_in_Java, id=8500, stack(0x00000089fe000000,0x00000089fe100000)]
  0x00000199f8072260 JavaThread "Reference Handler" daemon [_thread_blocked, id=5272, stack(0x00000089fe700000,0x00000089fe800000)]
  0x00000199f8072ff0 JavaThread "Finalizer" daemon [_thread_blocked, id=17268, stack(0x00000089fe800000,0x00000089fe900000)]
  0x00000199f808b070 JavaThread "Signal Dispatcher" daemon [_thread_blocked, id=13184, stack(0x00000089fe900000,0x00000089fea00000)]
  0x00000199f808ccb0 JavaThread "Attach Listener" daemon [_thread_blocked, id=16748, stack(0x00000089fea00000,0x00000089feb00000)]
  0x00000199f808d580 JavaThread "Service Thread" daemon [_thread_blocked, id=5940, stack(0x00000089feb00000,0x00000089fec00000)]
  0x00000199f808de50 JavaThread "Monitor Deflation Thread" daemon [_thread_blocked, id=9688, stack(0x00000089fec00000,0x00000089fed00000)]
  0x00000199f808ea50 JavaThread "C2 CompilerThread0" daemon [_thread_in_native, id=14148, stack(0x00000089fed00000,0x00000089fee00000)]
  0x00000199f80ac660 JavaThread "C1 CompilerThread0" daemon [_thread_in_native, id=11748, stack(0x00000089fee00000,0x00000089fef00000)]
  0x00000199f80adcb0 JavaThread "Sweeper thread" daemon [_thread_blocked, id=5576, stack(0x00000089fef00000,0x00000089ff000000)]
  0x00000199f82220b0 JavaThread "Notification Thread" daemon [_thread_blocked, id=14852, stack(0x00000089ff000000,0x00000089ff100000)]
  0x00000199f822e570 JavaThread "Common-Cleaner" daemon [_thread_blocked, id=16716, stack(0x00000089ff200000,0x00000089ff300000)]
=>0x00000199f8fe0030 JavaThread "C2 CompilerThread1" daemon [_thread_in_native, id=21632, stack(0x0000008980100000,0x0000008980200000)]
  0x00000199fa76ed90 JavaThread "C2 CompilerThread2" daemon [_thread_in_native, id=20196, stack(0x0000008980200000,0x0000008980300000)]

Other Threads:
  0x00000199f804e630 VMThread "VM Thread" [stack: 0x00000089fe600000,0x00000089fe700000] [id=9572]
  0x00000199f8222da0 WatcherThread [stack: 0x00000089ff100000,0x00000089ff200000] [id=672]
  0x00000199d53489b0 GCTaskThread "GC Thread#0" [stack: 0x00000089fe100000,0x00000089fe200000] [id=21996]
  0x00000199f873c5a0 GCTaskThread "GC Thread#1" [stack: 0x00000089ff400000,0x00000089ff500000] [id=21512]
  0x00000199f873c860 GCTaskThread "GC Thread#2" [stack: 0x00000089ff500000,0x00000089ff600000] [id=19352]
  0x00000199f8733450 GCTaskThread "GC Thread#3" [stack: 0x00000089ff600000,0x00000089ff700000] [id=7688]
  0x00000199f8733710 GCTaskThread "GC Thread#4" [stack: 0x00000089ff700000,0x00000089ff800000] [id=17924]
  0x00000199f87339d0 GCTaskThread "GC Thread#5" [stack: 0x00000089ff800000,0x00000089ff900000] [id=21944]
  0x00000199f8f07080 GCTaskThread "GC Thread#6" [stack: 0x00000089ff900000,0x00000089ffa00000] [id=21084]
  0x00000199f8d78ab0 GCTaskThread "GC Thread#7" [stack: 0x00000089ffa00000,0x00000089ffb00000] [id=11436]
  0x00000199d5359520 ConcurrentGCThread "G1 Main Marker" [stack: 0x00000089fe200000,0x00000089fe300000] [id=840]
  0x00000199d5359e50 ConcurrentGCThread "G1 Conc#0" [stack: 0x00000089fe300000,0x00000089fe400000] [id=14604]
  0x00000199f8e41a90 ConcurrentGCThread "G1 Conc#1" [stack: 0x00000089ffb00000,0x00000089ffc00000] [id=7892]
  0x00000199f3a75190 ConcurrentGCThread "G1 Refine#0" [stack: 0x00000089fe400000,0x00000089fe500000] [id=6096]
  0x00000199fa1654d0 ConcurrentGCThread "G1 Refine#1" [stack: 0x00000089ffd00000,0x00000089ffe00000] [id=4992]
  0x00000199f93dd470 ConcurrentGCThread "G1 Refine#2" [stack: 0x00000089ffe00000,0x00000089fff00000] [id=12884]
  0x00000199f97fb060 ConcurrentGCThread "G1 Refine#3" [stack: 0x00000089fff00000,0x0000008a00000000] [id=16852]
  0x00000199f8a715a0 ConcurrentGCThread "G1 Refine#4" [stack: 0x0000008980000000,0x0000008980100000] [id=18464]
  0x00000199f3a759d0 ConcurrentGCThread "G1 Service" [stack: 0x00000089fe500000,0x00000089fe600000] [id=20612]

Threads with active compile tasks:
C2 CompilerThread0     8539 10696       4       org.jetbrains.kotlin.descriptors.impl.PropertyDescriptorImpl::initialize (22 bytes)
C1 CompilerThread0     8539 10907       3       org.jetbrains.kotlin.psi2ir.generators.FunctionGenerator::generateValueParameterDeclarations (918 bytes)
C2 CompilerThread1     8539 10473       4       jdk.internal.org.objectweb.asm.Frame::execute (2305 bytes)
C2 CompilerThread2     8539 10642       4       org.jetbrains.kotlin.types.DescriptorSubstitutor::substituteTypeParameters (389 bytes)

VM state: not at safepoint (normal execution)

VM Mutex/Monitor currently owned by a thread: None

Heap address: 0x0000000702e00000, size: 4050 MB, Compressed Oops mode: Zero based, Oop shift amount: 3

CDS archive(s) not mapped
Compressed class space mapped at: 0x0000000800000000-0x0000000840000000, reserved size: 1073741824
Narrow klass base: 0x0000000800000000, Narrow klass shift: 0, Narrow klass range: 0x40000000

GC Precious Log:
 CPUs: 8 total, 8 available
 Memory: 16197M
 Large Page Support: Disabled
 NUMA Support: Disabled
 Compressed Oops: Enabled (Zero based)
 Heap Region Size: 2M
 Heap Min Capacity: 8M
 Heap Initial Capacity: 254M
 Heap Max Capacity: 4050M
 Pre-touch: Disabled
 Parallel Workers: 8
 Concurrent Workers: 2
 Concurrent Refinement Workers: 8
 Periodic GC: Disabled

Heap:
 garbage-first heap   total 147456K, used 60537K [0x0000000702e00000, 0x0000000800000000)
  region size 2048K, 3 young (6144K), 2 survivors (4096K)
 Metaspace       used 67669K, committed 67968K, reserved 1114112K
  class space    used 7576K, committed 7744K, reserved 1048576K

Heap Regions: E=young(eden), S=young(survivor), O=old, HS=humongous(starts), HC=humongous(continues), CS=collection set, F=free, OA=open archive, CA=closed archive, TAMS=top-at-mark-start (previous, next)
|   0|0x0000000702e00000, 0x0000000703000000, 0x0000000703000000|100%|HS|  |TAMS 0x0000000703000000, 0x0000000702e00000| Complete 
|   1|0x0000000703000000, 0x0000000703200000, 0x0000000703200000|100%|HC|  |TAMS 0x0000000703200000, 0x0000000703000000| Complete 
|   2|0x0000000703200000, 0x000000070332e000, 0x0000000703400000| 58%| O|  |TAMS 0x000000070332e000, 0x0000000703200000| Untracked 
|   3|0x0000000703400000, 0x0000000703600000, 0x0000000703600000|100%| O|  |TAMS 0x0000000703600000, 0x0000000703400000| Untracked 
|   4|0x0000000703600000, 0x0000000703800000, 0x0000000703800000|100%| O|  |TAMS 0x0000000703800000, 0x0000000703600000| Untracked 
|   5|0x0000000703800000, 0x0000000703a00000, 0x0000000703a00000|100%|HS|  |TAMS 0x0000000703a00000, 0x0000000703800000| Complete 
|   6|0x0000000703a00000, 0x0000000703c00000, 0x0000000703c00000|100%| O|  |TAMS 0x0000000703c00000, 0x0000000703a00000| Untracked 
|   7|0x0000000703c00000, 0x0000000703e00000, 0x0000000703e00000|100%| O|  |TAMS 0x0000000703e00000, 0x0000000703c00000| Untracked 
|   8|0x0000000703e00000, 0x0000000704000000, 0x0000000704000000|100%| O|  |TAMS 0x0000000704000000, 0x0000000703e00000| Untracked 
|   9|0x0000000704000000, 0x0000000704200000, 0x0000000704200000|100%| O|  |TAMS 0x0000000704200000, 0x0000000704000000| Untracked 
|  10|0x0000000704200000, 0x0000000704400000, 0x0000000704400000|100%| O|  |TAMS 0x0000000704400000, 0x0000000704200000| Untracked 
|  11|0x0000000704400000, 0x0000000704600000, 0x0000000704600000|100%| O|  |TAMS 0x0000000704600000, 0x0000000704400000| Untracked 
|  12|0x0000000704600000, 0x0000000704800000, 0x0000000704800000|100%| O|  |TAMS 0x0000000704800000, 0x0000000704600000| Untracked 
|  13|0x0000000704800000, 0x0000000704a00000, 0x0000000704a00000|100%| O|  |TAMS 0x0000000704a00000, 0x0000000704800000| Untracked 
|  14|0x0000000704a00000, 0x0000000704c00000, 0x0000000704c00000|100%| O|  |TAMS 0x0000000704c00000, 0x0000000704a00000| Untracked 
|  15|0x0000000704c00000, 0x0000000704e00000, 0x0000000704e00000|100%| O|  |TAMS 0x0000000704e00000, 0x0000000704c00000| Untracked 
|  16|0x0000000704e00000, 0x0000000705000000, 0x0000000705000000|100%| O|  |TAMS 0x0000000705000000, 0x0000000704e00000| Untracked 
|  17|0x0000000705000000, 0x0000000705200000, 0x0000000705200000|100%| O|  |TAMS 0x0000000705200000, 0x0000000705000000| Untracked 
|  18|0x0000000705200000, 0x0000000705400000, 0x0000000705400000|100%| O|  |TAMS 0x0000000705400000, 0x0000000705200000| Untracked 
|  19|0x0000000705400000, 0x0000000705600000, 0x0000000705600000|100%| O|  |TAMS 0x0000000705600000, 0x0000000705400000| Untracked 
|  20|0x0000000705600000, 0x0000000705800000, 0x0000000705800000|100%| O|  |TAMS 0x00000007057a1a00, 0x0000000705600000| Untracked 
|  21|0x0000000705800000, 0x0000000705a00000, 0x0000000705a00000|100%| O|  |TAMS 0x0000000705800000, 0x0000000705800000| Untracked 
|  22|0x0000000705a00000, 0x0000000705c00000, 0x0000000705c00000|100%| O|  |TAMS 0x0000000705a00000, 0x0000000705a00000| Untracked 
|  23|0x0000000705c00000, 0x0000000705e00000, 0x0000000705e00000|100%| O|  |TAMS 0x0000000705c00000, 0x0000000705c00000| Untracked 
|  24|0x0000000705e00000, 0x0000000706000000, 0x0000000706000000|100%| O|  |TAMS 0x0000000705e00000, 0x0000000705e00000| Untracked 
|  25|0x0000000706000000, 0x0000000706200000, 0x0000000706200000|100%| O|  |TAMS 0x0000000706000000, 0x0000000706000000| Untracked 
|  26|0x0000000706200000, 0x0000000706400000, 0x0000000706400000|100%| O|  |TAMS 0x0000000706200000, 0x0000000706200000| Untracked 
|  27|0x0000000706400000, 0x000000070642fc00, 0x0000000706600000|  9%| O|  |TAMS 0x0000000706400000, 0x0000000706400000| Untracked 
|  28|0x0000000706600000, 0x0000000706600000, 0x0000000706800000|  0%| F|  |TAMS 0x0000000706600000, 0x0000000706600000| Untracked 
|  29|0x0000000706800000, 0x0000000706800000, 0x0000000706a00000|  0%| F|  |TAMS 0x0000000706800000, 0x0000000706800000| Untracked 
|  30|0x0000000706a00000, 0x0000000706a00000, 0x0000000706c00000|  0%| F|  |TAMS 0x0000000706a00000, 0x0000000706a00000| Untracked 
|  31|0x0000000706c00000, 0x0000000706c00000, 0x0000000706e00000|  0%| F|  |TAMS 0x0000000706c00000, 0x0000000706c00000| Untracked 
|  32|0x0000000706e00000, 0x0000000706e00000, 0x0000000707000000|  0%| F|  |TAMS 0x0000000706e00000, 0x0000000706e00000| Untracked 
|  33|0x0000000707000000, 0x0000000707000000, 0x0000000707200000|  0%| F|  |TAMS 0x0000000707000000, 0x0000000707000000| Untracked 
|  34|0x0000000707200000, 0x0000000707200000, 0x0000000707400000|  0%| F|  |TAMS 0x0000000707200000, 0x0000000707200000| Untracked 
|  35|0x0000000707400000, 0x0000000707400000, 0x0000000707600000|  0%| F|  |TAMS 0x0000000707400000, 0x0000000707400000| Untracked 
|  36|0x0000000707600000, 0x0000000707600000, 0x0000000707800000|  0%| F|  |TAMS 0x0000000707600000, 0x0000000707600000| Untracked 
|  37|0x0000000707800000, 0x0000000707800000, 0x0000000707a00000|  0%| F|  |TAMS 0x0000000707800000, 0x0000000707800000| Untracked 
|  38|0x0000000707a00000, 0x0000000707a00000, 0x0000000707c00000|  0%| F|  |TAMS 0x0000000707a00000, 0x0000000707a00000| Untracked 
|  39|0x0000000707c00000, 0x0000000707c00000, 0x0000000707e00000|  0%| F|  |TAMS 0x0000000707c00000, 0x0000000707c00000| Untracked 
|  40|0x0000000707e00000, 0x0000000707e00000, 0x0000000708000000|  0%| F|  |TAMS 0x0000000707e00000, 0x0000000707e00000| Untracked 
|  41|0x0000000708000000, 0x0000000708000000, 0x0000000708200000|  0%| F|  |TAMS 0x0000000708000000, 0x0000000708000000| Untracked 
|  42|0x0000000708200000, 0x0000000708200000, 0x0000000708400000|  0%| F|  |TAMS 0x0000000708200000, 0x0000000708200000| Untracked 
|  43|0x0000000708400000, 0x0000000708400000, 0x0000000708600000|  0%| F|  |TAMS 0x0000000708400000, 0x0000000708400000| Untracked 
|  44|0x0000000708600000, 0x00000007087c0b40, 0x0000000708800000| 87%| S|CS|TAMS 0x0000000708600000, 0x0000000708600000| Complete 
|  45|0x0000000708800000, 0x0000000708a00000, 0x0000000708a00000|100%| S|CS|TAMS 0x0000000708800000, 0x0000000708800000| Complete 
|  46|0x0000000708a00000, 0x0000000708a00000, 0x0000000708c00000|  0%| F|  |TAMS 0x0000000708a00000, 0x0000000708a00000| Untracked 
|  47|0x0000000708c00000, 0x0000000708c00000, 0x0000000708e00000|  0%| F|  |TAMS 0x0000000708c00000, 0x0000000708c00000| Untracked 
|  48|0x0000000708e00000, 0x0000000708e00000, 0x0000000709000000|  0%| F|  |TAMS 0x0000000708e00000, 0x0000000708e00000| Untracked 
|  49|0x0000000709000000, 0x0000000709000000, 0x0000000709200000|  0%| F|  |TAMS 0x0000000709000000, 0x0000000709000000| Untracked 
|  50|0x0000000709200000, 0x0000000709200000, 0x0000000709400000|  0%| F|  |TAMS 0x0000000709200000, 0x0000000709200000| Untracked 
|  51|0x0000000709400000, 0x0000000709400000, 0x0000000709600000|  0%| F|  |TAMS 0x0000000709400000, 0x0000000709400000| Untracked 
|  52|0x0000000709600000, 0x0000000709600000, 0x0000000709800000|  0%| F|  |TAMS 0x0000000709600000, 0x0000000709600000| Untracked 
|  53|0x0000000709800000, 0x0000000709800000, 0x0000000709a00000|  0%| F|  |TAMS 0x0000000709800000, 0x0000000709800000| Untracked 
|  54|0x0000000709a00000, 0x0000000709a00000, 0x0000000709c00000|  0%| F|  |TAMS 0x0000000709a00000, 0x0000000709a00000| Untracked 
|  55|0x0000000709c00000, 0x0000000709c00000, 0x0000000709e00000|  0%| F|  |TAMS 0x0000000709c00000, 0x0000000709c00000| Untracked 
|  56|0x0000000709e00000, 0x0000000709e00000, 0x000000070a000000|  0%| F|  |TAMS 0x0000000709e00000, 0x0000000709e00000| Untracked 
|  57|0x000000070a000000, 0x000000070a000000, 0x000000070a200000|  0%| F|  |TAMS 0x000000070a000000, 0x000000070a000000| Untracked 
|  58|0x000000070a200000, 0x000000070a200000, 0x000000070a400000|  0%| F|  |TAMS 0x000000070a200000, 0x000000070a200000| Untracked 
|  59|0x000000070a400000, 0x000000070a400000, 0x000000070a600000|  0%| F|  |TAMS 0x000000070a400000, 0x000000070a400000| Untracked 
|  60|0x000000070a600000, 0x000000070a600000, 0x000000070a800000|  0%| F|  |TAMS 0x000000070a600000, 0x000000070a600000| Untracked 
|  61|0x000000070a800000, 0x000000070a800000, 0x000000070aa00000|  0%| F|  |TAMS 0x000000070a800000, 0x000000070a800000| Untracked 
|  62|0x000000070aa00000, 0x000000070aa00000, 0x000000070ac00000|  0%| F|  |TAMS 0x000000070aa00000, 0x000000070aa00000| Untracked 
|  63|0x000000070ac00000, 0x000000070ac00000, 0x000000070ae00000|  0%| F|  |TAMS 0x000000070ac00000, 0x000000070ac00000| Untracked 
|  64|0x000000070ae00000, 0x000000070ae00000, 0x000000070b000000|  0%| F|  |TAMS 0x000000070ae00000, 0x000000070ae00000| Untracked 
|  65|0x000000070b000000, 0x000000070b000000, 0x000000070b200000|  0%| F|  |TAMS 0x000000070b000000, 0x000000070b000000| Untracked 
|  66|0x000000070b200000, 0x000000070b200000, 0x000000070b400000|  0%| F|  |TAMS 0x000000070b200000, 0x000000070b200000| Untracked 
|  67|0x000000070b400000, 0x000000070b400000, 0x000000070b600000|  0%| F|  |TAMS 0x000000070b400000, 0x000000070b400000| Untracked 
|  68|0x000000070b600000, 0x000000070b600000, 0x000000070b800000|  0%| F|  |TAMS 0x000000070b600000, 0x000000070b600000| Untracked 
|  69|0x000000070b800000, 0x000000070b800000, 0x000000070ba00000|  0%| F|  |TAMS 0x000000070b800000, 0x000000070b800000| Untracked 
| 126|0x0000000712a00000, 0x0000000712bfcdc0, 0x0000000712c00000| 99%| E|  |TAMS 0x0000000712a00000, 0x0000000712a00000| Complete 
|2024|0x00000007ffe00000, 0x0000000800000000, 0x0000000800000000|100%| O|  |TAMS 0x0000000800000000, 0x00000007ffe00000| Untracked 

Card table byte_map: [0x00000199e82d0000,0x00000199e8ac0000] _byte_map_base: 0x00000199e4ab9000

Marking Bits (Prev, Next): (CMBitMap*) 0x00000199d5348ee0, (CMBitMap*) 0x00000199d5348f20
 Prev Bits: [0x00000199e92b0000, 0x00000199ed1f8000)
 Next Bits: [0x00000199ed200000, 0x00000199f1148000)

Polling page: 0x00000199d31f0000

Metaspace:

Usage:
  Non-class:     58.68 MB used.
      Class:      7.40 MB used.
       Both:     66.08 MB used.

Virtual space:
  Non-class space:       64.00 MB reserved,      58.81 MB ( 92%) committed,  1 nodes.
      Class space:        1.00 GB reserved,       7.56 MB ( <1%) committed,  1 nodes.
             Both:        1.06 GB reserved,      66.38 MB (  6%) committed. 

Chunk freelists:
   Non-Class:  4.45 MB
       Class:  8.47 MB
        Both:  12.92 MB

MaxMetaspaceSize: unlimited
CompressedClassSpaceSize: 1.00 GB
Initial GC threshold: 21.00 MB
Current GC threshold: 94.94 MB
CDS: off
MetaspaceReclaimPolicy: balanced
 - commit_granule_bytes: 65536.
 - commit_granule_words: 8192.
 - virtual_space_node_default_size: 8388608.
 - enlarge_chunks_in_place: 1.
 - new_chunks_are_fully_committed: 0.
 - uncommit_free_chunks: 1.
 - use_allocation_guard: 0.
 - handle_deallocations: 1.


Internal statistics:

num_allocs_failed_limit: 6.
num_arena_births: 306.
num_arena_deaths: 0.
num_vsnodes_births: 2.
num_vsnodes_deaths: 0.
num_space_committed: 1060.
num_space_uncommitted: 0.
num_chunks_returned_to_freelist: 6.
num_chunks_taken_from_freelist: 2447.
num_chunk_merges: 3.
num_chunk_splits: 1995.
num_chunks_enlarged: 1754.
num_inconsistent_stats: 0.

CodeHeap 'non-profiled nmethods': size=120000Kb used=5230Kb max_used=5377Kb free=114769Kb
 bounds [0x00000199e0280000, 0x00000199e07d0000, 0x00000199e77b0000]
CodeHeap 'profiled nmethods': size=120000Kb used=26313Kb max_used=27298Kb free=93687Kb
 bounds [0x00000199d87b0000, 0x00000199da270000, 0x00000199dfce0000]
CodeHeap 'non-nmethods': size=5760Kb used=1368Kb max_used=1430Kb free=4391Kb
 bounds [0x00000199dfce0000, 0x00000199dff50000, 0x00000199e0280000]
 total_blobs=9717 nmethods=9022 adapters=604
 compilation: enabled
              stopped_count=0, restarted_count=0
 full_count=0

Compilation events (20 events):
Event: 8.511 Thread 0x00000199f80ac660 nmethod 10871 0x00000199d912f410 code [0x00000199d912f7c0, 0x00000199d91311a8]
Event: 8.511 Thread 0x00000199f80ac660 10873       3       org.jetbrains.kotlin.ir.expressions.IrValueAccessExpression::<init> (5 bytes)
Event: 8.511 Thread 0x00000199f80ac660 nmethod 10873 0x00000199d912ee10 code [0x00000199d912efc0, 0x00000199d912f2b8]
Event: 8.511 Thread 0x00000199f80ac660 10872       3       org.jetbrains.kotlin.ir.expressions.IrCall::<init> (5 bytes)
Event: 8.511 Thread 0x00000199f80ac660 nmethod 10872 0x00000199d8dd4a10 code [0x00000199d8dd4be0, 0x00000199d8dd4f98]
Event: 8.512 Thread 0x00000199f808ea50 nmethod 10699 0x00000199e071cc90 code [0x00000199e071ce00, 0x00000199e071ce98]
Event: 8.512 Thread 0x00000199f808ea50 10660       4       org.jetbrains.kotlin.utils.DFS$AbstractNodeHandler::afterChildren (1 bytes)
Event: 8.512 Thread 0x00000199f808ea50 nmethod 10660 0x00000199e060ba90 code [0x00000199e060bc00, 0x00000199e060bc78]
Event: 8.512 Thread 0x00000199f808ea50 10874 %     4       org.jetbrains.kotlin.com.intellij.psi.impl.source.tree.TreeElement::getStartOffset @ 4 (28 bytes)
Event: 8.513 Thread 0x00000199f80ac660 10875       3       org.jetbrains.kotlin.ir.util.SymbolTable$ScopedSymbolTable$Scope::get (24 bytes)
Event: 8.513 Thread 0x00000199f80ac660 nmethod 10875 0x00000199d9ab1390 code [0x00000199d9ab1620, 0x00000199d9ab2298]
Event: 8.513 Thread 0x00000199f80ac660 10876       3       org.jetbrains.kotlin.ir.expressions.impl.IrGetValueImpl::<init> (45 bytes)
Event: 8.514 Thread 0x00000199f80ac660 nmethod 10876 0x00000199d9aafd90 code [0x00000199d9ab0060, 0x00000199d9ab0ed8]
Event: 8.514 Thread 0x00000199f80ac660 10877       3       org.jetbrains.kotlin.ir.expressions.IrGetValue::<init> (5 bytes)
Event: 8.515 Thread 0x00000199f80ac660 nmethod 10877 0x00000199d969a590 code [0x00000199d969a740, 0x00000199d969aa98]
Event: 8.515 Thread 0x00000199f80ac660 10881       3       org.jetbrains.kotlin.psi2ir.generators.ArgumentsGenerationUtilsKt::generateSamConversionForValueArgumentsIfRequired (1672 bytes)
Event: 8.515 Thread 0x00000199f808ea50 nmethod 10874% 0x00000199e060b510 code [0x00000199e060b6a0, 0x00000199e060b898]
Event: 8.515 Thread 0x00000199f808ea50 10878       4       org.jetbrains.kotlin.types.checker.SimpleClassicTypeSystemContext::hasAnnotation (7 bytes)
Event: 8.521 Thread 0x00000199f808ea50 nmethod 10878 0x00000199e060a910 code [0x00000199e060aae0, 0x00000199e060af38]
Event: 8.521 Thread 0x00000199f808ea50 10886       4       org.jetbrains.kotlin.ir.symbols.impl.IrSymbolBase::getDescriptor (32 bytes)

GC Heap History (20 events):
Event: 2.588 GC heap before
{Heap before GC invocations=10 (full 0):
 garbage-first heap   total 75776K, used 55449K [0x0000000702e00000, 0x0000000800000000)
  region size 2048K, 18 young (36864K), 3 survivors (6144K)
 Metaspace       used 47423K, committed 47616K, reserved 1114112K
  class space    used 5804K, committed 5888K, reserved 1048576K
}
Event: 2.597 GC heap after
{Heap after GC invocations=11 (full 0):
 garbage-first heap   total 75776K, used 27633K [0x0000000702e00000, 0x0000000800000000)
  region size 2048K, 2 young (4096K), 2 survivors (4096K)
 Metaspace       used 47423K, committed 47616K, reserved 1114112K
  class space    used 5804K, committed 5888K, reserved 1048576K
}
Event: 2.993 GC heap before
{Heap before GC invocations=11 (full 0):
 garbage-first heap   total 75776K, used 54257K [0x0000000702e00000, 0x0000000800000000)
  region size 2048K, 15 young (30720K), 2 survivors (4096K)
 Metaspace       used 50093K, committed 50304K, reserved 1114112K
  class space    used 6058K, committed 6144K, reserved 1048576K
}
Event: 3.001 GC heap after
{Heap after GC invocations=12 (full 0):
 garbage-first heap   total 75776K, used 32657K [0x0000000702e00000, 0x0000000800000000)
  region size 2048K, 2 young (4096K), 2 survivors (4096K)
 Metaspace       used 50093K, committed 50304K, reserved 1114112K
  class space    used 6058K, committed 6144K, reserved 1048576K
}
Event: 3.384 GC heap before
{Heap before GC invocations=12 (full 0):
 garbage-first heap   total 75776K, used 55185K [0x0000000702e00000, 0x0000000800000000)
  region size 2048K, 13 young (26624K), 2 survivors (4096K)
 Metaspace       used 50957K, committed 51136K, reserved 1114112K
  class space    used 6078K, committed 6144K, reserved 1048576K
}
Event: 3.394 GC heap after
{Heap after GC invocations=13 (full 0):
 garbage-first heap   total 92160K, used 37017K [0x0000000702e00000, 0x0000000800000000)
  region size 2048K, 2 young (4096K), 2 survivors (4096K)
 Metaspace       used 50957K, committed 51136K, reserved 1114112K
  class space    used 6078K, committed 6144K, reserved 1048576K
}
Event: 3.676 GC heap before
{Heap before GC invocations=13 (full 0):
 garbage-first heap   total 92160K, used 65689K [0x0000000702e00000, 0x0000000800000000)
  region size 2048K, 16 young (32768K), 2 survivors (4096K)
 Metaspace       used 51587K, committed 51840K, reserved 1114112K
  class space    used 6123K, committed 6208K, reserved 1048576K
}
Event: 3.691 GC heap after
{Heap after GC invocations=14 (full 0):
 garbage-first heap   total 92160K, used 42017K [0x0000000702e00000, 0x0000000800000000)
  region size 2048K, 2 young (4096K), 2 survivors (4096K)
 Metaspace       used 51587K, committed 51840K, reserved 1114112K
  class space    used 6123K, committed 6208K, reserved 1048576K
}
Event: 3.735 GC heap before
{Heap before GC invocations=14 (full 0):
 garbage-first heap   total 92160K, used 68641K [0x0000000702e00000, 0x0000000800000000)
  region size 2048K, 15 young (30720K), 2 survivors (4096K)
 Metaspace       used 51604K, committed 51840K, reserved 1114112K
  class space    used 6123K, committed 6208K, reserved 1048576K
}
Event: 3.742 GC heap after
{Heap after GC invocations=15 (full 0):
 garbage-first heap   total 92160K, used 42979K [0x0000000702e00000, 0x0000000800000000)
  region size 2048K, 1 young (2048K), 1 survivors (2048K)
 Metaspace       used 51604K, committed 51840K, reserved 1114112K
  class space    used 6123K, committed 6208K, reserved 1048576K
}
Event: 3.965 GC heap before
{Heap before GC invocations=15 (full 0):
 garbage-first heap   total 92160K, used 69603K [0x0000000702e00000, 0x0000000800000000)
  region size 2048K, 14 young (28672K), 1 survivors (2048K)
 Metaspace       used 54047K, committed 54336K, reserved 1114112K
  class space    used 6409K, committed 6528K, reserved 1048576K
}
Event: 3.969 GC heap after
{Heap after GC invocations=16 (full 0):
 garbage-first heap   total 92160K, used 43492K [0x0000000702e00000, 0x0000000800000000)
  region size 2048K, 1 young (2048K), 1 survivors (2048K)
 Metaspace       used 54047K, committed 54336K, reserved 1114112K
  class space    used 6409K, committed 6528K, reserved 1048576K
}
Event: 4.492 GC heap before
{Heap before GC invocations=17 (full 0):
 garbage-first heap   total 92160K, used 70116K [0x0000000702e00000, 0x0000000800000000)
  region size 2048K, 14 young (28672K), 1 survivors (2048K)
 Metaspace       used 56134K, committed 56320K, reserved 1114112K
  class space    used 6656K, committed 6720K, reserved 1048576K
}
Event: 4.501 GC heap after
{Heap after GC invocations=18 (full 0):
 garbage-first heap   total 92160K, used 47934K [0x0000000702e00000, 0x0000000800000000)
  region size 2048K, 2 young (4096K), 2 survivors (4096K)
 Metaspace       used 56134K, committed 56320K, reserved 1114112K
  class space    used 6656K, committed 6720K, reserved 1048576K
}
Event: 5.346 GC heap before
{Heap before GC invocations=18 (full 0):
 garbage-first heap   total 92160K, used 70462K [0x0000000702e00000, 0x0000000800000000)
  region size 2048K, 13 young (26624K), 2 survivors (4096K)
 Metaspace       used 58071K, committed 58304K, reserved 1114112K
  class space    used 6755K, committed 6848K, reserved 1048576K
}
Event: 5.355 GC heap after
{Heap after GC invocations=19 (full 0):
 garbage-first heap   total 147456K, used 50891K [0x0000000702e00000, 0x0000000800000000)
  region size 2048K, 2 young (4096K), 2 survivors (4096K)
 Metaspace       used 58071K, committed 58304K, reserved 1114112K
  class space    used 6755K, committed 6848K, reserved 1048576K
}
Event: 7.437 GC heap before
{Heap before GC invocations=20 (full 0):
 garbage-first heap   total 147456K, used 108235K [0x0000000702e00000, 0x0000000800000000)
  region size 2048K, 30 young (61440K), 2 survivors (4096K)
 Metaspace       used 60242K, committed 60480K, reserved 1114112K
  class space    used 6838K, committed 6912K, reserved 1048576K
}
Event: 7.448 GC heap after
{Heap after GC invocations=21 (full 0):
 garbage-first heap   total 147456K, used 56728K [0x0000000702e00000, 0x0000000800000000)
  region size 2048K, 4 young (8192K), 4 survivors (8192K)
 Metaspace       used 60242K, committed 60480K, reserved 1114112K
  class space    used 6838K, committed 6912K, reserved 1048576K
}
Event: 8.481 GC heap before
{Heap before GC invocations=21 (full 0):
 garbage-first heap   total 147456K, used 105880K [0x0000000702e00000, 0x0000000800000000)
  region size 2048K, 29 young (59392K), 4 survivors (8192K)
 Metaspace       used 67596K, committed 67904K, reserved 1114112K
  class space    used 7574K, committed 7744K, reserved 1048576K
}
Event: 8.494 GC heap after
{Heap after GC invocations=22 (full 0):
 garbage-first heap   total 147456K, used 60537K [0x0000000702e00000, 0x0000000800000000)
  region size 2048K, 2 young (4096K), 2 survivors (4096K)
 Metaspace       used 67596K, committed 67904K, reserved 1114112K
  class space    used 7574K, committed 7744K, reserved 1048576K
}

Dll operation events (2 events):
Event: 0.006 Loaded shared library C:\Program Files\Android\Android Studio\jbr\bin\java.dll
Event: 1.084 Loaded shared library C:\Program Files\Android\Android Studio\jbr\bin\verify.dll

Deoptimization events (20 events):
Event: 8.339 Thread 0x00000199d52db2d0 Uncommon trap: trap_request=0xffffffde fr.pc=0x00000199e05f8aec relative=0x000000000000050c
Event: 8.339 Thread 0x00000199d52db2d0 Uncommon trap: reason=class_check action=maybe_recompile pc=0x00000199e05f8aec method=kotlin.collections.CollectionsKt___CollectionsKt.toSet(Ljava/lang/Iterable;)Ljava/util/Set; @ 58 c2
Event: 8.339 Thread 0x00000199d52db2d0 DEOPT PACKING pc=0x00000199e05f8aec sp=0x00000089fe0fdaf0
Event: 8.339 Thread 0x00000199d52db2d0 DEOPT UNPACKING pc=0x00000199dfd369a3 sp=0x00000089fe0fdae0 mode 2
Event: 8.342 Thread 0x00000199d52db2d0 Uncommon trap: trap_request=0xffffffde fr.pc=0x00000199e05f8aec relative=0x000000000000050c
Event: 8.342 Thread 0x00000199d52db2d0 Uncommon trap: reason=class_check action=maybe_recompile pc=0x00000199e05f8aec method=kotlin.collections.CollectionsKt___CollectionsKt.toSet(Ljava/lang/Iterable;)Ljava/util/Set; @ 58 c2
Event: 8.342 Thread 0x00000199d52db2d0 DEOPT PACKING pc=0x00000199e05f8aec sp=0x00000089fe0fd4b0
Event: 8.342 Thread 0x00000199d52db2d0 DEOPT UNPACKING pc=0x00000199dfd369a3 sp=0x00000089fe0fd4a0 mode 2
Event: 8.342 Thread 0x00000199d52db2d0 Uncommon trap: trap_request=0xffffffde fr.pc=0x00000199e05f8aec relative=0x000000000000050c
Event: 8.342 Thread 0x00000199d52db2d0 Uncommon trap: reason=class_check action=maybe_recompile pc=0x00000199e05f8aec method=kotlin.collections.CollectionsKt___CollectionsKt.toSet(Ljava/lang/Iterable;)Ljava/util/Set; @ 58 c2
Event: 8.342 Thread 0x00000199d52db2d0 DEOPT PACKING pc=0x00000199e05f8aec sp=0x00000089fe0fd7d0
Event: 8.342 Thread 0x00000199d52db2d0 DEOPT UNPACKING pc=0x00000199dfd369a3 sp=0x00000089fe0fd7c0 mode 2
Event: 8.342 Thread 0x00000199d52db2d0 Uncommon trap: trap_request=0xffffffde fr.pc=0x00000199e05f8aec relative=0x000000000000050c
Event: 8.342 Thread 0x00000199d52db2d0 Uncommon trap: reason=class_check action=maybe_recompile pc=0x00000199e05f8aec method=kotlin.collections.CollectionsKt___CollectionsKt.toSet(Ljava/lang/Iterable;)Ljava/util/Set; @ 58 c2
Event: 8.342 Thread 0x00000199d52db2d0 DEOPT PACKING pc=0x00000199e05f8aec sp=0x00000089fe0fdaf0
Event: 8.342 Thread 0x00000199d52db2d0 DEOPT UNPACKING pc=0x00000199dfd369a3 sp=0x00000089fe0fdae0 mode 2
Event: 8.393 Thread 0x00000199d52db2d0 Uncommon trap: trap_request=0xffffffde fr.pc=0x00000199e050e774 relative=0x0000000000000434
Event: 8.393 Thread 0x00000199d52db2d0 Uncommon trap: reason=class_check action=maybe_recompile pc=0x00000199e050e774 method=org.jetbrains.kotlin.load.java.JavaDescriptorVisibilities.toDescriptorVisibility(Lorg/jetbrains/kotlin/descriptors/Visibility;)Lorg/jetbrains/kotlin/descriptors/Descript
Event: 8.393 Thread 0x00000199d52db2d0 DEOPT PACKING pc=0x00000199e050e774 sp=0x00000089fe0fc9d0
Event: 8.393 Thread 0x00000199d52db2d0 DEOPT UNPACKING pc=0x00000199dfd369a3 sp=0x00000089fe0fc8b8 mode 2

Classes unloaded (0 events):
No events

Classes redefined (0 events):
No events

Internal exceptions (20 events):
Event: 2.212 Thread 0x00000199d52db2d0 Exception <a 'java/lang/NoSuchMethodError'{0x0000000705341328}: 'java.lang.Object java.lang.invoke.Invokers$Holder.linkToTargetMethod(java.lang.Object, java.lang.Object, int, java.lang.Object)'> (0x0000000705341328) 
thrown [s\src\hotspot\share\interpreter\linkResolver.cpp, line 771]
Event: 2.884 Thread 0x00000199d52db2d0 Exception <a 'java/lang/NoSuchMethodError'{0x000000070634ba60}: 'java.lang.Object java.lang.invoke.DirectMethodHandle$Holder.newInvokeSpecial(java.lang.Object, java.lang.Object, java.lang.Object, java.lang.Object, java.lang.Object, java.lang.Object)'> (0x000000070634ba60) 
thrown [s\src\hotspot\share\interpreter\linkResolver.cpp, line 771]
Event: 2.948 Thread 0x00000199d52db2d0 Exception <a 'java/lang/NoSuchMethodError'{0x0000000705fc41b0}: 'java.lang.Object java.lang.invoke.DirectMethodHandle$Holder.invokeStaticInit(java.lang.Object, java.lang.Object, java.lang.Object)'> (0x0000000705fc41b0) 
thrown [s\src\hotspot\share\interpreter\linkResolver.cpp, line 771]
Event: 3.349 Thread 0x00000199d52db2d0 Implicit null exception at 0x00000199e02d9a8f to 0x00000199e02d9d28
Event: 3.447 Thread 0x00000199d52db2d0 Exception <a 'java/lang/NoSuchMethodError'{0x00000007080a3d88}: 'java.lang.Object java.lang.invoke.DirectMethodHandle$Holder.newInvokeSpecial(java.lang.Object, int, java.lang.Object)'> (0x00000007080a3d88) 
thrown [s\src\hotspot\share\interpreter\linkResolver.cpp, line 771]
Event: 3.448 Thread 0x00000199d52db2d0 Exception <a 'java/lang/NoSuchMethodError'{0x00000007080aa3d8}: 'int java.lang.invoke.DirectMethodHandle$Holder.invokeInterface(java.lang.Object, java.lang.Object)'> (0x00000007080aa3d8) 
thrown [s\src\hotspot\share\interpreter\linkResolver.cpp, line 771]
Event: 3.989 Thread 0x00000199d52db2d0 Implicit null exception at 0x00000199e03bb5cc to 0x00000199e03bb6d4
Event: 4.480 Thread 0x00000199d52db2d0 Implicit null exception at 0x00000199e04dd940 to 0x00000199e04de278
Event: 4.633 Thread 0x00000199d52db2d0 Exception <a 'java/lang/NoSuchMethodError'{0x00000007083816d8}: 'java.lang.Object java.lang.invoke.DirectMethodHandle$Holder.newInvokeSpecial(java.lang.Object, java.lang.Object, java.lang.Object, java.lang.Object, java.lang.Object, java.lang.Object, java.lang.Object)'> (0x00000007083816d8) 
thrown [s\src\hotspot\share\interpreter\linkResolver.cpp, line 771]
Event: 4.633 Thread 0x00000199d52db2d0 Exception <a 'java/lang/NoSuchMethodError'{0x00000007083867e0}: 'java.lang.Object java.lang.invoke.Invokers$Holder.linkToTargetMethod(java.lang.Object, java.lang.Object, java.lang.Object, java.lang.Object, java.lang.Object, java.lang.Object, java.lang.Object)'> (0x00000007083867e0) 
thrown [s\src\hotspot\share\interpreter\linkResolver.cpp, line 771]
Event: 4.852 Thread 0x00000199d52db2d0 Exception <a 'java/lang/NoSuchMethodError'{0x0000000707a3a630}: 'int java.lang.invoke.DirectMethodHandle$Holder.invokeStaticInit(java.lang.Object, int)'> (0x0000000707a3a630) 
thrown [s\src\hotspot\share\interpreter\linkResolver.cpp, line 771]
Event: 4.890 Thread 0x00000199d52db2d0 Exception <a 'java/lang/NoSuchMethodError'{0x0000000707b65d78}: 'java.lang.Object java.lang.invoke.DirectMethodHandle$Holder.invokeInterface(java.lang.Object, java.lang.Object, java.lang.Object)'> (0x0000000707b65d78) 
thrown [s\src\hotspot\share\interpreter\linkResolver.cpp, line 771]
Event: 4.891 Thread 0x00000199d52db2d0 Exception <a 'java/lang/IncompatibleClassChangeError'{0x0000000707b69c38}: Found class java.lang.Object, but interface was expected> (0x0000000707b69c38) 
thrown [s\src\hotspot\share\interpreter\linkResolver.cpp, line 838]
Event: 5.645 Thread 0x00000199d52db2d0 Exception <a 'java/lang/NoSuchMethodError'{0x000000070b2f2538}: 'java.lang.Object java.lang.invoke.DirectMethodHandle$Holder.invokeStatic(java.lang.Object, int, java.lang.Object)'> (0x000000070b2f2538) 
thrown [s\src\hotspot\share\interpreter\linkResolver.cpp, line 771]
Event: 7.485 Thread 0x00000199d52db2d0 Exception <a 'java/lang/NoSuchMethodError'{0x0000000712abcad8}: 'java.lang.Object java.lang.invoke.DirectMethodHandle$Holder.newInvokeSpecial(java.lang.Object, int, java.lang.Object, java.lang.Object)'> (0x0000000712abcad8) 
thrown [s\src\hotspot\share\interpreter\linkResolver.cpp, line 771]
Event: 8.008 Thread 0x00000199d52db2d0 Exception <a 'java/lang/NoSuchMethodError'{0x000000070a73b310}: 'java.lang.Object java.lang.invoke.DirectMethodHandle$Holder.invokeStaticInit(java.lang.Object, java.lang.Object, java.lang.Object, java.lang.Object)'> (0x000000070a73b310) 
thrown [s\src\hotspot\share\interpreter\linkResolver.cpp, line 771]
Event: 8.181 Thread 0x00000199d52db2d0 Implicit null exception at 0x00000199e02e8fe0 to 0x00000199e02e907a
Event: 8.258 Thread 0x00000199d52db2d0 Exception <a 'java/lang/NoSuchMethodError'{0x00000007094a2b48}: 'java.lang.Object java.lang.invoke.DirectMethodHandle$Holder.newInvokeSpecial(java.lang.Object, java.lang.Object, java.lang.Object, int, int)'> (0x00000007094a2b48) 
thrown [s\src\hotspot\share\interpreter\linkResolver.cpp, line 771]
Event: 8.259 Thread 0x00000199d52db2d0 Exception <a 'java/lang/NoSuchMethodError'{0x00000007094a6988}: 'java.lang.Object java.lang.invoke.DirectMethodHandle$Holder.invokeSpecial(java.lang.Object, java.lang.Object, java.lang.Object, java.lang.Object, int, int)'> (0x00000007094a6988) 
thrown [s\src\hotspot\share\interpreter\linkResolver.cpp, line 771]
Event: 8.271 Thread 0x00000199d52db2d0 Exception <a 'java/lang/NoSuchMethodError'{0x000000070952f718}: 'java.lang.Object java.lang.invoke.Invokers$Holder.linkToTargetMethod(java.lang.Object, java.lang.Object, int, int, java.lang.Object, java.lang.Object, java.lang.Object, java.lang.Object, java.lang.Object)'> (0x000000070952f718) 
thrown [s\src\hotspot\share\interpreter\linkResolver.cpp, line 771]

VM Operations (20 events):
Event: 8.109 Executing VM operation: HandshakeAllThreads
Event: 8.109 Executing VM operation: HandshakeAllThreads done
Event: 8.109 Executing VM operation: HandshakeAllThreads
Event: 8.109 Executing VM operation: HandshakeAllThreads done
Event: 8.121 Executing VM operation: HandshakeAllThreads
Event: 8.121 Executing VM operation: HandshakeAllThreads done
Event: 8.125 Executing VM operation: ICBufferFull
Event: 8.125 Executing VM operation: ICBufferFull done
Event: 8.137 Executing VM operation: HandshakeAllThreads
Event: 8.138 Executing VM operation: HandshakeAllThreads done
Event: 8.159 Executing VM operation: HandshakeAllThreads
Event: 8.159 Executing VM operation: HandshakeAllThreads done
Event: 8.309 Executing VM operation: HandshakeAllThreads
Event: 8.309 Executing VM operation: HandshakeAllThreads done
Event: 8.328 Executing VM operation: ICBufferFull
Event: 8.328 Executing VM operation: ICBufferFull done
Event: 8.422 Executing VM operation: ICBufferFull
Event: 8.422 Executing VM operation: ICBufferFull done
Event: 8.481 Executing VM operation: G1CollectForAllocation
Event: 8.494 Executing VM operation: G1CollectForAllocation done

Events (20 events):
Event: 8.169 Thread 0x00000199f80adcb0 flushing nmethod 0x00000199d9ded990
Event: 8.169 Thread 0x00000199f80adcb0 flushing nmethod 0x00000199d9e0f090
Event: 8.169 Thread 0x00000199f80adcb0 flushing nmethod 0x00000199d9e1fa10
Event: 8.169 Thread 0x00000199f80adcb0 flushing nmethod 0x00000199d9e41390
Event: 8.169 Thread 0x00000199f80adcb0 flushing nmethod 0x00000199d9ee8410
Event: 8.169 Thread 0x00000199f80adcb0 flushing nmethod 0x00000199d9f17510
Event: 8.169 Thread 0x00000199f80adcb0 flushing nmethod 0x00000199d9f33f90
Event: 8.170 Thread 0x00000199f80adcb0 flushing nmethod 0x00000199d9f45790
Event: 8.170 Thread 0x00000199f80adcb0 flushing nmethod 0x00000199d9f7f790
Event: 8.170 Thread 0x00000199f80adcb0 flushing nmethod 0x00000199d9fc9710
Event: 8.170 Thread 0x00000199f80adcb0 flushing nmethod 0x00000199d9fcfe10
Event: 8.170 Thread 0x00000199f80adcb0 flushing nmethod 0x00000199d9fec210
Event: 8.170 Thread 0x00000199f80adcb0 flushing nmethod 0x00000199d9feea90
Event: 8.170 Thread 0x00000199f80adcb0 flushing nmethod 0x00000199d9ffb290
Event: 8.170 Thread 0x00000199f80adcb0 flushing nmethod 0x00000199da003a10
Event: 8.170 Thread 0x00000199f80adcb0 flushing nmethod 0x00000199da045710
Event: 8.170 Thread 0x00000199f80adcb0 flushing nmethod 0x00000199da069110
Event: 8.171 Thread 0x00000199f80adcb0 flushing nmethod 0x00000199da1c0990
Event: 8.171 Thread 0x00000199f80adcb0 flushing nmethod 0x00000199da1c2290
Event: 8.171 Thread 0x00000199f80adcb0 flushing nmethod 0x00000199da1c8b10


Dynamic libraries:
0x00007ff6dc2e0000 - 0x00007ff6dc2ea000 	C:\Program Files\Android\Android Studio\jbr\bin\java.exe
0x00007ffc30a10000 - 0x00007ffc30c26000 	C:\Windows\SYSTEM32\ntdll.dll
0x00007ffc2f150000 - 0x00007ffc2f214000 	C:\Windows\System32\KERNEL32.DLL
0x00007ffc2de90000 - 0x00007ffc2e237000 	C:\Windows\System32\KERNELBASE.dll
0x00007ffc2e240000 - 0x00007ffc2e351000 	C:\Windows\System32\ucrtbase.dll
0x00007ffc1e210000 - 0x00007ffc1e227000 	C:\Program Files\Android\Android Studio\jbr\bin\jli.dll
0x00007ffbf9640000 - 0x00007ffbf965b000 	C:\Program Files\Android\Android Studio\jbr\bin\VCRUNTIME140.dll
0x00007ffc301b0000 - 0x00007ffc3035e000 	C:\Windows\System32\USER32.dll
0x00007ffc11930000 - 0x00007ffc11bc3000 	C:\Windows\WinSxS\amd64_microsoft.windows.common-controls_6595b64144ccf1df_6.0.22621.3235_none_270f74e173860f98\COMCTL32.dll
0x00007ffc2e500000 - 0x00007ffc2e526000 	C:\Windows\System32\win32u.dll
0x00007ffc2fed0000 - 0x00007ffc2ff77000 	C:\Windows\System32\msvcrt.dll
0x00007ffc2fea0000 - 0x00007ffc2fec9000 	C:\Windows\System32\GDI32.dll
0x00007ffc2e3e0000 - 0x00007ffc2e4f9000 	C:\Windows\System32\gdi32full.dll
0x00007ffc2dd30000 - 0x00007ffc2ddca000 	C:\Windows\System32\msvcp_win.dll
0x00007ffc2ff90000 - 0x00007ffc2ffc1000 	C:\Windows\System32\IMM32.DLL
0x00007ffbfdd60000 - 0x00007ffbfdd6c000 	C:\Program Files\Android\Android Studio\jbr\bin\vcruntime140_1.dll
0x00007ffbdb260000 - 0x00007ffbdb2ed000 	C:\Program Files\Android\Android Studio\jbr\bin\msvcp140.dll
0x00007ffba0160000 - 0x00007ffba0de3000 	C:\Program Files\Android\Android Studio\jbr\bin\server\jvm.dll
0x00007ffc2ffd0000 - 0x00007ffc30082000 	C:\Windows\System32\ADVAPI32.dll
0x00007ffc30100000 - 0x00007ffc301a8000 	C:\Windows\System32\sechost.dll
0x00007ffc2e530000 - 0x00007ffc2e558000 	C:\Windows\System32\bcrypt.dll
0x00007ffc307b0000 - 0x00007ffc308c5000 	C:\Windows\System32\RPCRT4.dll
0x00007ffc2dc00000 - 0x00007ffc2dc4d000 	C:\Windows\SYSTEM32\POWRPROF.dll
0x00007ffbe3870000 - 0x00007ffbe3879000 	C:\Windows\SYSTEM32\WSOCK32.dll
0x00007ffc29b70000 - 0x00007ffc29ba4000 	C:\Windows\SYSTEM32\WINMM.dll
0x00007ffc27f90000 - 0x00007ffc27f9a000 	C:\Windows\SYSTEM32\VERSION.dll
0x00007ffc306c0000 - 0x00007ffc30731000 	C:\Windows\System32\WS2_32.dll
0x00007ffc2da30000 - 0x00007ffc2da43000 	C:\Windows\SYSTEM32\UMPDC.dll
0x00007ffc2cd30000 - 0x00007ffc2cd48000 	C:\Windows\SYSTEM32\kernel.appcore.dll
0x00007ffc2b080000 - 0x00007ffc2b08a000 	C:\Program Files\Android\Android Studio\jbr\bin\jimage.dll
0x00007ffc16d20000 - 0x00007ffc16f53000 	C:\Windows\SYSTEM32\DBGHELP.DLL
0x00007ffc2f6c0000 - 0x00007ffc2fa48000 	C:\Windows\System32\combase.dll
0x00007ffc2fc00000 - 0x00007ffc2fcd7000 	C:\Windows\System32\OLEAUT32.dll
0x00007ffc16c40000 - 0x00007ffc16c72000 	C:\Windows\SYSTEM32\dbgcore.DLL
0x00007ffc2e360000 - 0x00007ffc2e3d9000 	C:\Windows\System32\bcryptPrimitives.dll
0x00007ffc1e330000 - 0x00007ffc1e355000 	C:\Program Files\Android\Android Studio\jbr\bin\java.dll
0x00007ffc285a0000 - 0x00007ffc285b8000 	C:\Program Files\Android\Android Studio\jbr\bin\zip.dll
0x00007ffc2e7f0000 - 0x00007ffc2f04c000 	C:\Windows\System32\SHELL32.dll
0x00007ffc2bc40000 - 0x00007ffc2c539000 	C:\Windows\SYSTEM32\windows.storage.dll
0x00007ffc2bb00000 - 0x00007ffc2bc3e000 	C:\Windows\SYSTEM32\wintypes.dll
0x00007ffc2f050000 - 0x00007ffc2f143000 	C:\Windows\System32\SHCORE.dll
0x00007ffc30750000 - 0x00007ffc307ae000 	C:\Windows\System32\shlwapi.dll
0x00007ffc2dc60000 - 0x00007ffc2dc81000 	C:\Windows\SYSTEM32\profapi.dll
0x00007ffc1e2e0000 - 0x00007ffc1e2f9000 	C:\Program Files\Android\Android Studio\jbr\bin\net.dll
0x00007ffc27c60000 - 0x00007ffc27d96000 	C:\Windows\SYSTEM32\WINHTTP.dll
0x00007ffc2d190000 - 0x00007ffc2d1f9000 	C:\Windows\system32\mswsock.dll
0x00007ffc1e2c0000 - 0x00007ffc1e2d6000 	C:\Program Files\Android\Android Studio\jbr\bin\nio.dll
0x00007ffc1e2a0000 - 0x00007ffc1e2b0000 	C:\Program Files\Android\Android Studio\jbr\bin\verify.dll

dbghelp: loaded successfully - version: 4.0.5 - missing functions: none
symbol engine: initialized successfully - sym options: 0x614 - pdb path: .;C:\Program Files\Android\Android Studio\jbr\bin;C:\Windows\SYSTEM32;C:\Windows\WinSxS\amd64_microsoft.windows.common-controls_6595b64144ccf1df_6.0.22621.3235_none_270f74e173860f98;C:\Program Files\Android\Android Studio\jbr\bin\server

VM Arguments:
java_command: org.jetbrains.kotlin.cli.jvm.K2JVMCompiler @C:\Users\sotch\AndroidStudioProjects\ADOPSE_APP\ADOPSE_APP\app\build\20240423_10436587816036816747.compiler.options
java_class_path (initial): C:\Users\sotch\.gradle\caches\modules-2\files-2.1\org.jetbrains.kotlin\kotlin-compiler-embeddable\1.9.0\2c8c3a7402becca891f12739b3e9fd2dc2adbd7a\kotlin-compiler-embeddable-1.9.0.jar;C:\Users\sotch\.gradle\caches\modules-2\files-2.1\org.jetbrains.kotlin\kotlin-stdlib\1.9.0\8ee15ef0c67dc83d874f412d84378d7f0eb50b63\kotlin-stdlib-1.9.0.jar;C:\Users\sotch\.gradle\caches\modules-2\files-2.1\org.jetbrains.kotlin\kotlin-script-runtime\1.9.0\4b3102cbbb7e1b58d9d1adf89563f00069ffa7d1\kotlin-script-runtime-1.9.0.jar;C:\Users\sotch\.gradle\caches\modules-2\files-2.1\org.jetbrains.kotlin\kotlin-reflect\1.6.10\1cbe9c92c12a94eea200d23c2bbaedaf3daf5132\kotlin-reflect-1.6.10.jar;C:\Users\sotch\.gradle\caches\modules-2\files-2.1\org.jetbrains.kotlin\kotlin-daemon-embeddable\1.9.0\186543f5e28cf8d9a0290fecc2cf34301c40a65c\kotlin-daemon-embeddable-1.9.0.jar;C:\Users\sotch\.gradle\caches\modules-2\files-2.1\org.jetbrains.intellij.deps\trove4j\1.0.20200330\3afb14d5f9ceb459d724e907a21145e8ff394f02\trove4j-1.0.20200330.jar;C:\Users\sotch\.gradle\caches\modules-2\files-2.1\org.jetbrains.kotlin\kotlin-stdlib-common\1.9.0\cd65c21cfd1eec4d44ef09f9f52b6d9f8a720636\kotlin-stdlib-common-1.9.0.jar;C:\Users\sotch\.gradle\caches\modules-2\files-2.1\org.jetbrains\annotations\13.0\919f0dfe192fb4e063e7dacadee7f8bb9a2672a9\annotations-13.0.jar
Launcher Type: SUN_STANDARD

[Global flags]
     intx CICompilerCount                          = 4                                         {product} {ergonomic}
     uint ConcGCThreads                            = 2                                         {product} {ergonomic}
     uint G1ConcRefinementThreads                  = 8                                         {product} {ergonomic}
   size_t G1HeapRegionSize                         = 2097152                                   {product} {ergonomic}
    uintx GCDrainStackTargetSize                   = 64                                        {product} {ergonomic}
   size_t InitialHeapSize                          = 266338304                                 {product} {ergonomic}
   size_t MarkStackSize                            = 4194304                                   {product} {ergonomic}
   size_t MaxHeapSize                              = 4246732800                                {product} {ergonomic}
   size_t MaxNewSize                               = 2548039680                                {product} {ergonomic}
   size_t MinHeapDeltaBytes                        = 2097152                                   {product} {ergonomic}
   size_t MinHeapSize                              = 8388608                                   {product} {ergonomic}
    uintx NonNMethodCodeHeapSize                   = 5839372                                {pd product} {ergonomic}
    uintx NonProfiledCodeHeapSize                  = 122909434                              {pd product} {ergonomic}
    uintx ProfiledCodeHeapSize                     = 122909434                              {pd product} {ergonomic}
    uintx ReservedCodeCacheSize                    = 251658240                              {pd product} {ergonomic}
     bool SegmentedCodeCache                       = true                                      {product} {ergonomic}
   size_t SoftMaxHeapSize                          = 4246732800                             {manageable} {ergonomic}
     bool UseCompressedClassPointers               = true                           {product lp64_product} {ergonomic}
     bool UseCompressedOops                        = true                           {product lp64_product} {ergonomic}
     bool UseG1GC                                  = true                                      {product} {ergonomic}
     bool UseLargePagesIndividualAllocation        = false                                  {pd product} {ergonomic}

Logging:
Log output configuration:
 #0: stdout all=warning uptime,level,tags
 #1: stderr all=off uptime,level,tags

Environment Variables:
PATH=C:\Program Files\Common Files\Oracle\Java\javapath;C:\Windows\system32;C:\Windows;C:\Windows\System32\Wbem;C:\Windows\System32\WindowsPowerShell\v1.0\;C:\Windows\System32\OpenSSH\;C:\Program Files\Microsoft VS Code\bin;C:\Program Files\dotnet\;C:\Program Files\Git\cmd;C:\Program Files\nodejs\;C:\Program Files\Docker\Docker\resources\bin;C:\Users\sotch\AppData\Local\Programs\Python\Python312\Scripts\;C:\Users\sotch\AppData\Local\Programs\Python\Python312\;C:\Users\sotch\AppData\Local\Microsoft\WindowsApps;C:\Users\sotch\AppData\Local\GitHubDesktop\bin;C:\Users\sotch\AppData\Roaming\npm;C:\Users\sotch\.dotnet\tools
USERNAME=sotch
OS=Windows_NT
PROCESSOR_IDENTIFIER=Intel64 Family 6 Model 165 Stepping 3, GenuineIntel
TMP=C:\Users\sotch\AppData\Local\Temp
TEMP=C:\Users\sotch\AppData\Local\Temp



Periodic native trim disabled

JNI global refs:
JNI global refs: 13, weak refs: 25

JNI global refs memory usage: 843, weak refs: 841

OOME stack traces (most recent first):
Classloader memory used:
Loader jdk.internal.loader.ClassLoaders$AppClassLoader                                 : 7045K
Loader bootstrap                                                                       : 1354K
Loader java.net.URLClassLoader                                                         : 43246B
Loader jdk.internal.reflect.DelegatingClassLoader                                      : 17939B


---------------  S Y S T E M  ---------------

OS:
 Windows 11 , 64 bit Build 22621 (10.0.22621.3374)
OS uptime: 6 days 7:12 hours
Hyper-V role detected

CPU: total 8 (initial active 8) (4 cores per cpu, 2 threads per core) family 6 model 165 stepping 3 microcode 0xf4, cx8, cmov, fxsr, ht, mmx, 3dnowpref, sse, sse2, sse3, ssse3, sse4.1, sse4.2, popcnt, lzcnt, tsc, tscinvbit, avx, avx2, aes, erms, clmul, bmi1, bmi2, adx, fma, vzeroupper, clflush, clflushopt, hv
Processor Information for all 8 processors :
  Max Mhz: 3696, Current Mhz: 3696, Mhz Limit: 3696

Memory: 4k page, system-wide physical 16197M (500M free)
TotalPageFile size 44703M (AvailPageFile size 8M)
current process WorkingSet (physical memory assigned to process): 350M, peak: 351M
current process commit charge ("private bytes"): 388M, peak: 392M

vm_info: OpenJDK 64-Bit Server VM (17.0.9+0--11185874) for windows-amd64 JRE (17.0.9+0--11185874), built on Dec  6 2023 18:57:44 by "androidbuild" with MS VC++ 16.10 / 16.11 (VS2019)

END.
