#
# There is insufficient memory for the Java Runtime Environment to continue.
# Native memory allocation (mmap) failed to map 266338304 bytes for G1 virtual space
# Possible reasons:
#   The system is out of physical RAM or swap space
#   The process is running with CompressedOops enabled, and the Java Heap may be blocking the growth of the native heap
# Possible solutions:
#   Reduce memory load on the system
#   Increase physical memory or swap space
#   Check if swap backing store is full
#   Decrease Java heap size (-Xmx/-Xms)
#   Decrease number of Java threads
#   Decrease Java thread stack sizes (-Xss)
#   Set larger code cache with -XX:ReservedCodeCacheSize=
#   JVM is running with Zero Based Compressed Oops mode in which the Java heap is
#     placed in the first 32GB address space. The Java Heap base address is the
#     maximum limit for the native heap growth. Please use -XX:HeapBaseMinAddress
#     to set the Java Heap base and to place the Java Heap above 32GB virtual address.
# This output file may be truncated or incomplete.
#
#  Out of Memory Error (os_windows.cpp:3825), pid=11652, tid=6828
#
# JRE version:  (17.0.9) (build )
# Java VM: OpenJDK 64-Bit Server VM (17.0.9+0--11185874, mixed mode, sharing, tiered, compressed oops, compressed class ptrs, g1 gc, windows-amd64)
# No core dump will be written. Minidumps are not enabled by default on client versions of Windows
#

---------------  S U M M A R Y ------------

Command Line: org.jetbrains.kotlin.cli.jvm.K2JVMCompiler @C:\Users\sotch\AndroidStudioProjects\ADOPSE_APP\ADOPSE_APP\app\build\20240422_7486521949528830368.compiler.options

Host: Intel(R) Core(TM) i3-10105 CPU @ 3.70GHz, 8 cores, 15G,  Windows 11 , 64 bit Build 22621 (10.0.22621.3374)
Time: Mon Apr 22 22:43:33 2024  Windows 11 , 64 bit Build 22621 (10.0.22621.3374) elapsed time: 0.012912 seconds (0d 0h 0m 0s)

---------------  T H R E A D  ---------------

Current thread (0x00000213929bcae0):  JavaThread "Unknown thread" [_thread_in_vm, id=6828, stack(0x000000d832400000,0x000000d832500000)]

Stack: [0x000000d832400000,0x000000d832500000]
Native frames: (J=compiled Java code, j=interpreted, Vv=VM code, C=native code)
V  [jvm.dll+0x6886e9]
V  [jvm.dll+0x841e4a]
V  [jvm.dll+0x843a8e]
V  [jvm.dll+0x8440f3]
V  [jvm.dll+0x24c14f]
V  [jvm.dll+0x685499]
V  [jvm.dll+0x679c2a]
V  [jvm.dll+0x30cf9b]
V  [jvm.dll+0x314446]
V  [jvm.dll+0x36425e]
V  [jvm.dll+0x36448f]
V  [jvm.dll+0x2e2d68]
V  [jvm.dll+0x2e3cd4]
V  [jvm.dll+0x8129f1]
V  [jvm.dll+0x3720c1]
V  [jvm.dll+0x7f152c]
V  [jvm.dll+0x3f5d4f]
V  [jvm.dll+0x3f7981]
C  [jli.dll+0x528f]
C  [ucrtbase.dll+0x29333]
C  [KERNEL32.DLL+0x1257d]
C  [ntdll.dll+0x5aa48]


---------------  P R O C E S S  ---------------

Threads class SMR info:
_java_thread_list=0x00007ffba0c9ef18, length=0, elements={
}

Java Threads: ( => current thread )

Other Threads:
  0x0000021392a2ba60 GCTaskThread "GC Thread#0" [stack: 0x000000d832500000,0x000000d832600000] [id=9804]
  0x0000021392a3c6c0 ConcurrentGCThread "G1 Main Marker" [stack: 0x000000d832600000,0x000000d832700000] [id=9232]
  0x0000021392a3d880 ConcurrentGCThread "G1 Conc#0" [stack: 0x000000d832700000,0x000000d832800000] [id=12736]

[error occurred during error reporting (printing all threads), id 0xc0000005, EXCEPTION_ACCESS_VIOLATION (0xc0000005) at pc=0x00007ffba0453937]

VM state: not at safepoint (not fully initialized)

VM Mutex/Monitor currently owned by a thread:  ([mutex/lock_event])
[0x00000213929b8e20] Heap_lock - owner thread: 0x00000213929bcae0

Heap address: 0x0000000702e00000, size: 4050 MB, Compressed Oops mode: Zero based, Oop shift amount: 3

CDS archive(s) mapped at: [0x0000000000000000-0x0000000000000000-0x0000000000000000), size 0, SharedBaseAddress: 0x0000000800000000, ArchiveRelocationMode: 1.
Narrow klass base: 0x0000000000000000, Narrow klass shift: 0, Narrow klass range: 0x0

GC Precious Log:
<Empty>

Heap:
 garbage-first heap   total 0K, used 0K [0x0000000702e00000, 0x0000000800000000)
  region size 2048K, 0 young (0K), 0 survivors (0K)
 Metaspace       used 0K, committed 0K, reserved 0K
  class space    used 0K, committed 0K, reserved 0K

Heap Regions: E=young(eden), S=young(survivor), O=old, HS=humongous(starts), HC=humongous(continues), CS=collection set, F=free, OA=open archive, CA=closed archive, TAMS=top-at-mark-start (previous, next)

Card table byte_map: [0x00000213a59b0000,0x00000213a61a0000] _byte_map_base: 0x00000213a2199000

Marking Bits (Prev, Next): (CMBitMap*) 0x0000021392a2c080, (CMBitMap*) 0x0000021392a2c0c0
 Prev Bits: [0x00000213a6990000, 0x00000213aa8d8000)
 Next Bits: [0x00000213aa8e0000, 0x00000213ae828000)

GC Heap History (0 events):
No events

Dll operation events (1 events):
Event: 0.010 Loaded shared library C:\Program Files\Android\Android Studio\jbr\bin\java.dll

Deoptimization events (0 events):
No events

Classes unloaded (0 events):
No events

Classes redefined (0 events):
No events

Internal exceptions (0 events):
No events

VM Operations (0 events):
No events

Events (0 events):
No events


Dynamic libraries:
0x00007ff6dc2e0000 - 0x00007ff6dc2ea000 	C:\Program Files\Android\Android Studio\jbr\bin\java.exe
0x00007ffc30a10000 - 0x00007ffc30c26000 	C:\Windows\SYSTEM32\ntdll.dll
0x00007ffc2f150000 - 0x00007ffc2f214000 	C:\Windows\System32\KERNEL32.DLL
0x00007ffc2de90000 - 0x00007ffc2e237000 	C:\Windows\System32\KERNELBASE.dll
0x00007ffc2e240000 - 0x00007ffc2e351000 	C:\Windows\System32\ucrtbase.dll
0x00007ffbdff10000 - 0x00007ffbdff2b000 	C:\Program Files\Android\Android Studio\jbr\bin\VCRUNTIME140.dll
0x00007ffc194f0000 - 0x00007ffc19507000 	C:\Program Files\Android\Android Studio\jbr\bin\jli.dll
0x00007ffc301b0000 - 0x00007ffc3035e000 	C:\Windows\System32\USER32.dll
0x00007ffc11930000 - 0x00007ffc11bc3000 	C:\Windows\WinSxS\amd64_microsoft.windows.common-controls_6595b64144ccf1df_6.0.22621.3235_none_270f74e173860f98\COMCTL32.dll
0x00007ffc2e500000 - 0x00007ffc2e526000 	C:\Windows\System32\win32u.dll
0x00007ffc2fed0000 - 0x00007ffc2ff77000 	C:\Windows\System32\msvcrt.dll
0x00007ffc2fea0000 - 0x00007ffc2fec9000 	C:\Windows\System32\GDI32.dll
0x00007ffc2e3e0000 - 0x00007ffc2e4f9000 	C:\Windows\System32\gdi32full.dll
0x00007ffc2dd30000 - 0x00007ffc2ddca000 	C:\Windows\System32\msvcp_win.dll
0x00007ffc2ff90000 - 0x00007ffc2ffc1000 	C:\Windows\System32\IMM32.DLL
0x00007ffbe3040000 - 0x00007ffbe304c000 	C:\Program Files\Android\Android Studio\jbr\bin\vcruntime140_1.dll
0x00007ffb9afc0000 - 0x00007ffb9b04d000 	C:\Program Files\Android\Android Studio\jbr\bin\msvcp140.dll
0x00007ffba0160000 - 0x00007ffba0de3000 	C:\Program Files\Android\Android Studio\jbr\bin\server\jvm.dll
0x00007ffc2ffd0000 - 0x00007ffc30082000 	C:\Windows\System32\ADVAPI32.dll
0x00007ffc30100000 - 0x00007ffc301a8000 	C:\Windows\System32\sechost.dll
0x00007ffc2e530000 - 0x00007ffc2e558000 	C:\Windows\System32\bcrypt.dll
0x00007ffc307b0000 - 0x00007ffc308c5000 	C:\Windows\System32\RPCRT4.dll
0x00007ffc2dc00000 - 0x00007ffc2dc4d000 	C:\Windows\SYSTEM32\POWRPROF.dll
0x00007ffbe3870000 - 0x00007ffbe3879000 	C:\Windows\SYSTEM32\WSOCK32.dll
0x00007ffc29b70000 - 0x00007ffc29ba4000 	C:\Windows\SYSTEM32\WINMM.dll
0x00007ffc306c0000 - 0x00007ffc30731000 	C:\Windows\System32\WS2_32.dll
0x00007ffc27f90000 - 0x00007ffc27f9a000 	C:\Windows\SYSTEM32\VERSION.dll
0x00007ffc2da30000 - 0x00007ffc2da43000 	C:\Windows\SYSTEM32\UMPDC.dll
0x00007ffc2cd30000 - 0x00007ffc2cd48000 	C:\Windows\SYSTEM32\kernel.appcore.dll
0x00007ffc285b0000 - 0x00007ffc285ba000 	C:\Program Files\Android\Android Studio\jbr\bin\jimage.dll
0x00007ffc16d20000 - 0x00007ffc16f53000 	C:\Windows\SYSTEM32\DBGHELP.DLL
0x00007ffc2f6c0000 - 0x00007ffc2fa48000 	C:\Windows\System32\combase.dll
0x00007ffc2fc00000 - 0x00007ffc2fcd7000 	C:\Windows\System32\OLEAUT32.dll
0x00007ffc16c40000 - 0x00007ffc16c72000 	C:\Windows\SYSTEM32\dbgcore.DLL
0x00007ffc2e360000 - 0x00007ffc2e3d9000 	C:\Windows\System32\bcryptPrimitives.dll
0x00007ffc1e330000 - 0x00007ffc1e355000 	C:\Program Files\Android\Android Studio\jbr\bin\java.dll

dbghelp: loaded successfully - version: 4.0.5 - missing functions: none
symbol engine: initialized successfully - sym options: 0x614 - pdb path: .;C:\Program Files\Android\Android Studio\jbr\bin;C:\Windows\SYSTEM32;C:\Windows\WinSxS\amd64_microsoft.windows.common-controls_6595b64144ccf1df_6.0.22621.3235_none_270f74e173860f98;C:\Program Files\Android\Android Studio\jbr\bin\server

VM Arguments:
java_command: org.jetbrains.kotlin.cli.jvm.K2JVMCompiler @C:\Users\sotch\AndroidStudioProjects\ADOPSE_APP\ADOPSE_APP\app\build\20240422_7486521949528830368.compiler.options
java_class_path (initial): C:\Users\sotch\.gradle\caches\modules-2\files-2.1\org.jetbrains.kotlin\kotlin-compiler-embeddable\1.9.0\2c8c3a7402becca891f12739b3e9fd2dc2adbd7a\kotlin-compiler-embeddable-1.9.0.jar;C:\Users\sotch\.gradle\caches\modules-2\files-2.1\org.jetbrains.kotlin\kotlin-stdlib\1.9.0\8ee15ef0c67dc83d874f412d84378d7f0eb50b63\kotlin-stdlib-1.9.0.jar;C:\Users\sotch\.gradle\caches\modules-2\files-2.1\org.jetbrains.kotlin\kotlin-script-runtime\1.9.0\4b3102cbbb7e1b58d9d1adf89563f00069ffa7d1\kotlin-script-runtime-1.9.0.jar;C:\Users\sotch\.gradle\caches\modules-2\files-2.1\org.jetbrains.kotlin\kotlin-reflect\1.6.10\1cbe9c92c12a94eea200d23c2bbaedaf3daf5132\kotlin-reflect-1.6.10.jar;C:\Users\sotch\.gradle\caches\modules-2\files-2.1\org.jetbrains.kotlin\kotlin-daemon-embeddable\1.9.0\186543f5e28cf8d9a0290fecc2cf34301c40a65c\kotlin-daemon-embeddable-1.9.0.jar;C:\Users\sotch\.gradle\caches\modules-2\files-2.1\org.jetbrains.intellij.deps\trove4j\1.0.20200330\3afb14d5f9ceb459d724e907a21145e8ff394f02\trove4j-1.0.20200330.jar;C:\Users\sotch\.gradle\caches\modules-2\files-2.1\org.jetbrains.kotlin\kotlin-stdlib-common\1.9.0\cd65c21cfd1eec4d44ef09f9f52b6d9f8a720636\kotlin-stdlib-common-1.9.0.jar;C:\Users\sotch\.gradle\caches\modules-2\files-2.1\org.jetbrains\annotations\13.0\919f0dfe192fb4e063e7dacadee7f8bb9a2672a9\annotations-13.0.jar
Launcher Type: SUN_STANDARD

[Global flags]
     intx CICompilerCount                          = 4                                         {product} {ergonomic}
     uint ConcGCThreads                            = 2                                         {product} {ergonomic}
     uint G1ConcRefinementThreads                  = 8                                         {product} {ergonomic}
   size_t G1HeapRegionSize                         = 2097152                                   {product} {ergonomic}
    uintx GCDrainStackTargetSize                   = 64                                        {product} {ergonomic}
   size_t InitialHeapSize                          = 266338304                                 {product} {ergonomic}
   size_t MarkStackSize                            = 4194304                                   {product} {ergonomic}
   size_t MaxHeapSize                              = 4246732800                                {product} {ergonomic}
   size_t MinHeapDeltaBytes                        = 2097152                                   {product} {ergonomic}
   size_t MinHeapSize                              = 8388608                                   {product} {ergonomic}
    uintx NonNMethodCodeHeapSize                   = 5839372                                {pd product} {ergonomic}
    uintx NonProfiledCodeHeapSize                  = 122909434                              {pd product} {ergonomic}
    uintx ProfiledCodeHeapSize                     = 122909434                              {pd product} {ergonomic}
    uintx ReservedCodeCacheSize                    = 251658240                              {pd product} {ergonomic}
     bool SegmentedCodeCache                       = true                                      {product} {ergonomic}
   size_t SoftMaxHeapSize                          = 4246732800                             {manageable} {ergonomic}
     bool UseCompressedClassPointers               = true                           {product lp64_product} {ergonomic}
     bool UseCompressedOops                        = true                           {product lp64_product} {ergonomic}
     bool UseG1GC                                  = true                                      {product} {ergonomic}
     bool UseLargePagesIndividualAllocation        = false                                  {pd product} {ergonomic}

Logging:
Log output configuration:
 #0: stdout all=warning uptime,level,tags
 #1: stderr all=off uptime,level,tags

Environment Variables:
PATH=C:\Program Files\Common Files\Oracle\Java\javapath;C:\Windows\system32;C:\Windows;C:\Windows\System32\Wbem;C:\Windows\System32\WindowsPowerShell\v1.0\;C:\Windows\System32\OpenSSH\;C:\Program Files\Microsoft VS Code\bin;C:\Program Files\dotnet\;C:\Program Files\Git\cmd;C:\Program Files\nodejs\;C:\Program Files\Docker\Docker\resources\bin;C:\Users\sotch\AppData\Local\Programs\Python\Python312\Scripts\;C:\Users\sotch\AppData\Local\Programs\Python\Python312\;C:\Users\sotch\AppData\Local\Microsoft\WindowsApps;C:\Users\sotch\AppData\Local\GitHubDesktop\bin;C:\Users\sotch\AppData\Roaming\npm;C:\Users\sotch\.dotnet\tools
USERNAME=sotch
OS=Windows_NT
PROCESSOR_IDENTIFIER=Intel64 Family 6 Model 165 Stepping 3, GenuineIntel
TMP=C:\Users\sotch\AppData\Local\Temp
TEMP=C:\Users\sotch\AppData\Local\Temp



Periodic native trim disabled

JNI global refs:
JNI global refs: 0, weak refs: 0

JNI global refs memory usage: 0, weak refs: 0

OOME stack traces (most recent first):
Classloader memory used:


---------------  S Y S T E M  ---------------

OS:
 Windows 11 , 64 bit Build 22621 (10.0.22621.3374)
OS uptime: 6 days 5:45 hours
Hyper-V role detected

CPU: total 8 (initial active 8) (4 cores per cpu, 2 threads per core) family 6 model 165 stepping 3 microcode 0xf4, cx8, cmov, fxsr, ht, mmx, 3dnowpref, sse, sse2, sse3, ssse3, sse4.1, sse4.2, popcnt, lzcnt, tsc, tscinvbit, avx, avx2, aes, erms, clmul, bmi1, bmi2, adx, fma, vzeroupper, clflush, clflushopt, hv
Processor Information for all 8 processors :
  Max Mhz: 3696, Current Mhz: 3696, Mhz Limit: 3696

Memory: 4k page, system-wide physical 16197M (371M free)
TotalPageFile size 44703M (AvailPageFile size 115M)
current process WorkingSet (physical memory assigned to process): 11M, peak: 11M
current process commit charge ("private bytes"): 60M, peak: 314M

vm_info: OpenJDK 64-Bit Server VM (17.0.9+0--11185874) for windows-amd64 JRE (17.0.9+0--11185874), built on Dec  6 2023 18:57:44 by "androidbuild" with MS VC++ 16.10 / 16.11 (VS2019)

END.
