#
# There is insufficient memory for the Java Runtime Environment to continue.
# Native memory allocation (malloc) failed to allocate 347856 bytes for Chunk::new
# Possible reasons:
#   The system is out of physical RAM or swap space
#   The process is running with CompressedOops enabled, and the Java Heap may be blocking the growth of the native heap
# Possible solutions:
#   Reduce memory load on the system
#   Increase physical memory or swap space
#   Check if swap backing store is full
#   Decrease Java heap size (-Xmx/-Xms)
#   Decrease number of Java threads
#   Decrease Java thread stack sizes (-Xss)
#   Set larger code cache with -XX:ReservedCodeCacheSize=
#   JVM is running with Zero Based Compressed Oops mode in which the Java heap is
#     placed in the first 32GB address space. The Java Heap base address is the
#     maximum limit for the native heap growth. Please use -XX:HeapBaseMinAddress
#     to set the Java Heap base and to place the Java Heap above 32GB virtual address.
# This output file may be truncated or incomplete.
#
#  Out of Memory Error (arena.cpp:191), pid=11744, tid=4092
#
# JRE version: OpenJDK Runtime Environment (17.0.9) (build 17.0.9+0--11185874)
# Java VM: OpenJDK 64-Bit Server VM (17.0.9+0--11185874, mixed mode, tiered, compressed oops, compressed class ptrs, g1 gc, windows-amd64)
# No core dump will be written. Minidumps are not enabled by default on client versions of Windows
#

---------------  S U M M A R Y ------------

Command Line: org.jetbrains.kotlin.cli.jvm.K2JVMCompiler @C:\Users\sotch\AndroidStudioProjects\ADOPSE_APP\ADOPSE_APP\app\build\20240423_14405039035958934347.compiler.options

Host: Intel(R) Core(TM) i3-10105 CPU @ 3.70GHz, 8 cores, 15G,  Windows 11 , 64 bit Build 22621 (10.0.22621.3374)
Time: Tue Apr 23 00:11:57 2024  Windows 11 , 64 bit Build 22621 (10.0.22621.3374) elapsed time: 10.480813 seconds (0d 0h 0m 10s)

---------------  T H R E A D  ---------------

Current thread (0x0000025ff2a7a210):  JavaThread "C2 CompilerThread2" daemon [_thread_in_native, id=4092, stack(0x000000d710300000,0x000000d710400000)]


Current CompileTask:
C2:  10480 13595       4       org.jetbrains.kotlin.ir.declarations.IrFunction::transformChildren (99 bytes)

Stack: [0x000000d710300000,0x000000d710400000]
Native frames: (J=compiled Java code, j=interpreted, Vv=VM code, C=native code)
V  [jvm.dll+0x6886e9]
V  [jvm.dll+0x841e4a]
V  [jvm.dll+0x843a8e]
V  [jvm.dll+0x8440f3]
V  [jvm.dll+0x24c14f]
V  [jvm.dll+0xac44c]
V  [jvm.dll+0xaca9c]
V  [jvm.dll+0x36c1a2]
V  [jvm.dll+0x1be6a2]
V  [jvm.dll+0x21df09]
V  [jvm.dll+0x21d1d1]
V  [jvm.dll+0x1a674d]
V  [jvm.dll+0x22d088]
V  [jvm.dll+0x22b1c0]
V  [jvm.dll+0x7f62f7]
V  [jvm.dll+0x7f06aa]
V  [jvm.dll+0x687565]
C  [ucrtbase.dll+0x29333]
C  [KERNEL32.DLL+0x1257d]
C  [ntdll.dll+0x5aa48]


---------------  P R O C E S S  ---------------

Threads class SMR info:
_java_thread_list=0x0000025ff29ad1f0, length=14, elements={
0x0000025fcec6b2f0, 0x0000025fed6e1280, 0x0000025fed6e2010, 0x0000025fed741d50,
0x0000025fed743630, 0x0000025fed743f00, 0x0000025fed737d90, 0x0000025fed73ae10,
0x0000025fed73bec0, 0x0000025fed74cf10, 0x0000025fed8c2ed0, 0x0000025fed8c6670,
0x0000025fed949d70, 0x0000025ff2a7a210
}

Java Threads: ( => current thread )
  0x0000025fcec6b2f0 JavaThread "main" [_thread_in_Java, id=11220, stack(0x000000d70e700000,0x000000d70e800000)]
  0x0000025fed6e1280 JavaThread "Reference Handler" daemon [_thread_blocked, id=7132, stack(0x000000d70ee00000,0x000000d70ef00000)]
  0x0000025fed6e2010 JavaThread "Finalizer" daemon [_thread_blocked, id=12300, stack(0x000000d70ef00000,0x000000d70f000000)]
  0x0000025fed741d50 JavaThread "Signal Dispatcher" daemon [_thread_blocked, id=18656, stack(0x000000d70f000000,0x000000d70f100000)]
  0x0000025fed743630 JavaThread "Attach Listener" daemon [_thread_blocked, id=288, stack(0x000000d70f100000,0x000000d70f200000)]
  0x0000025fed743f00 JavaThread "Service Thread" daemon [_thread_blocked, id=20928, stack(0x000000d70f200000,0x000000d70f300000)]
  0x0000025fed737d90 JavaThread "Monitor Deflation Thread" daemon [_thread_blocked, id=20872, stack(0x000000d70f300000,0x000000d70f400000)]
  0x0000025fed73ae10 JavaThread "C2 CompilerThread0" daemon [_thread_in_native, id=13204, stack(0x000000d70f400000,0x000000d70f500000)]
  0x0000025fed73bec0 JavaThread "C1 CompilerThread0" daemon [_thread_in_native, id=9268, stack(0x000000d70f500000,0x000000d70f600000)]
  0x0000025fed74cf10 JavaThread "Sweeper thread" daemon [_thread_blocked, id=2340, stack(0x000000d70f600000,0x000000d70f700000)]
  0x0000025fed8c2ed0 JavaThread "Notification Thread" daemon [_thread_blocked, id=10068, stack(0x000000d70f700000,0x000000d70f800000)]
  0x0000025fed8c6670 JavaThread "Common-Cleaner" daemon [_thread_blocked, id=14452, stack(0x000000d70f900000,0x000000d70fa00000)]
  0x0000025fed949d70 JavaThread "C2 CompilerThread1" daemon [_thread_in_native, id=11896, stack(0x000000d70fa00000,0x000000d70fb00000)]
=>0x0000025ff2a7a210 JavaThread "C2 CompilerThread2" daemon [_thread_in_native, id=4092, stack(0x000000d710300000,0x000000d710400000)]

Other Threads:
  0x0000025fed555d20 VMThread "VM Thread" [stack: 0x000000d70ed00000,0x000000d70ee00000] [id=10220]
  0x0000025fed8c53c0 WatcherThread [stack: 0x000000d70f800000,0x000000d70f900000] [id=10504]
  0x0000025fcecd97e0 GCTaskThread "GC Thread#0" [stack: 0x000000d70e800000,0x000000d70e900000] [id=19804]
  0x0000025ff23543a0 GCTaskThread "GC Thread#1" [stack: 0x000000d70fb00000,0x000000d70fc00000] [id=2164]
  0x0000025ff234f5a0 GCTaskThread "GC Thread#2" [stack: 0x000000d70fc00000,0x000000d70fd00000] [id=7128]
  0x0000025ff22f2aa0 GCTaskThread "GC Thread#3" [stack: 0x000000d70fd00000,0x000000d70fe00000] [id=13512]
  0x0000025ff22f2d60 GCTaskThread "GC Thread#4" [stack: 0x000000d70fe00000,0x000000d70ff00000] [id=20464]
  0x0000025ff22f3020 GCTaskThread "GC Thread#5" [stack: 0x000000d70ff00000,0x000000d710000000] [id=14100]
  0x0000025ff29adbe0 GCTaskThread "GC Thread#6" [stack: 0x000000d710000000,0x000000d710100000] [id=11216]
  0x0000025ff2af9850 GCTaskThread "GC Thread#7" [stack: 0x000000d710100000,0x000000d710200000] [id=12736]
  0x0000025fcecea350 ConcurrentGCThread "G1 Main Marker" [stack: 0x000000d70e900000,0x000000d70ea00000] [id=19000]
  0x0000025fceceac80 ConcurrentGCThread "G1 Conc#0" [stack: 0x000000d70ea00000,0x000000d70eb00000] [id=8292]
  0x0000025ff2a7b800 ConcurrentGCThread "G1 Conc#1" [stack: 0x000000d710200000,0x000000d710300000] [id=19180]
  0x0000025fed402170 ConcurrentGCThread "G1 Refine#0" [stack: 0x000000d70eb00000,0x000000d70ec00000] [id=3648]
  0x0000025ff35d7d70 ConcurrentGCThread "G1 Refine#1" [stack: 0x000000d710400000,0x000000d710500000] [id=20460]
  0x0000025ff22b9c80 ConcurrentGCThread "G1 Refine#2" [stack: 0x000000d710500000,0x000000d710600000] [id=7328]
  0x0000025ff670fb60 ConcurrentGCThread "G1 Refine#3" [stack: 0x000000d710600000,0x000000d710700000] [id=4804]
  0x0000025ff670ecb0 ConcurrentGCThread "G1 Refine#4" [stack: 0x000000d710700000,0x000000d710800000] [id=15684]
  0x0000025fed4029b0 ConcurrentGCThread "G1 Service" [stack: 0x000000d70ec00000,0x000000d70ed00000] [id=11812]

Threads with active compile tasks:
C2 CompilerThread0    10496 13473       4       org.jetbrains.kotlin.ir.util.IrFakeOverrideUtilsKt::collectAndFilterRealOverrides$collectRealOverrides (157 bytes)
C1 CompilerThread0    10496 13654       3       org.jetbrains.kotlin.backend.jvm.lower.BridgeLowering::createBridges (1016 bytes)
C2 CompilerThread1    10496 13615       4       org.jetbrains.kotlin.backend.common.ClassLoweringVisitor::visitSimpleFunction (13 bytes)
C2 CompilerThread2    10496 13595       4       org.jetbrains.kotlin.ir.declarations.IrFunction::transformChildren (99 bytes)

VM state: not at safepoint (normal execution)

VM Mutex/Monitor currently owned by a thread: None

Heap address: 0x0000000702e00000, size: 4050 MB, Compressed Oops mode: Zero based, Oop shift amount: 3

CDS archive(s) not mapped
Compressed class space mapped at: 0x0000000800000000-0x0000000840000000, reserved size: 1073741824
Narrow klass base: 0x0000000800000000, Narrow klass shift: 0, Narrow klass range: 0x40000000

GC Precious Log:
 CPUs: 8 total, 8 available
 Memory: 16197M
 Large Page Support: Disabled
 NUMA Support: Disabled
 Compressed Oops: Enabled (Zero based)
 Heap Region Size: 2M
 Heap Min Capacity: 8M
 Heap Initial Capacity: 254M
 Heap Max Capacity: 4050M
 Pre-touch: Disabled
 Parallel Workers: 8
 Concurrent Workers: 2
 Concurrent Refinement Workers: 8
 Periodic GC: Disabled

Heap:
 garbage-first heap   total 178176K, used 85255K [0x0000000702e00000, 0x0000000800000000)
  region size 2048K, 4 young (8192K), 1 survivors (2048K)
 Metaspace       used 79533K, committed 79872K, reserved 1179648K
  class space    used 8766K, committed 8960K, reserved 1048576K

Heap Regions: E=young(eden), S=young(survivor), O=old, HS=humongous(starts), HC=humongous(continues), CS=collection set, F=free, OA=open archive, CA=closed archive, TAMS=top-at-mark-start (previous, next)
|   0|0x0000000702e00000, 0x0000000703000000, 0x0000000703000000|100%|HS|  |TAMS 0x0000000703000000, 0x0000000702e00000| Complete 
|   1|0x0000000703000000, 0x0000000703200000, 0x0000000703200000|100%|HC|  |TAMS 0x0000000703200000, 0x0000000703000000| Complete 
|   2|0x0000000703200000, 0x00000007032fc200, 0x0000000703400000| 49%| O|  |TAMS 0x00000007032fc200, 0x0000000703200000| Untracked 
|   3|0x0000000703400000, 0x0000000703600000, 0x0000000703600000|100%| O|  |TAMS 0x0000000703600000, 0x0000000703400000| Untracked 
|   4|0x0000000703600000, 0x0000000703800000, 0x0000000703800000|100%| O|  |TAMS 0x0000000703800000, 0x0000000703600000| Untracked 
|   5|0x0000000703800000, 0x0000000703a00000, 0x0000000703a00000|100%| O|  |TAMS 0x0000000703a00000, 0x0000000703800000| Untracked 
|   6|0x0000000703a00000, 0x0000000703c00000, 0x0000000703c00000|100%| O|  |TAMS 0x0000000703c00000, 0x0000000703a00000| Untracked 
|   7|0x0000000703c00000, 0x0000000703e00000, 0x0000000703e00000|100%| O|  |TAMS 0x0000000703e00000, 0x0000000703c00000| Untracked 
|   8|0x0000000703e00000, 0x0000000704000000, 0x0000000704000000|100%| O|  |TAMS 0x0000000704000000, 0x0000000703e00000| Untracked 
|   9|0x0000000704000000, 0x0000000704200000, 0x0000000704200000|100%|HS|  |TAMS 0x0000000704200000, 0x0000000704000000| Complete 
|  10|0x0000000704200000, 0x0000000704400000, 0x0000000704400000|100%| O|  |TAMS 0x0000000704400000, 0x0000000704200000| Untracked 
|  11|0x0000000704400000, 0x0000000704600000, 0x0000000704600000|100%| O|  |TAMS 0x0000000704600000, 0x0000000704400000| Untracked 
|  12|0x0000000704600000, 0x0000000704800000, 0x0000000704800000|100%| O|  |TAMS 0x0000000704800000, 0x0000000704600000| Untracked 
|  13|0x0000000704800000, 0x0000000704a00000, 0x0000000704a00000|100%| O|  |TAMS 0x0000000704a00000, 0x0000000704800000| Untracked 
|  14|0x0000000704a00000, 0x0000000704c00000, 0x0000000704c00000|100%| O|  |TAMS 0x0000000704c00000, 0x0000000704a00000| Untracked 
|  15|0x0000000704c00000, 0x0000000704e00000, 0x0000000704e00000|100%| O|  |TAMS 0x0000000704e00000, 0x0000000704c00000| Untracked 
|  16|0x0000000704e00000, 0x0000000705000000, 0x0000000705000000|100%| O|  |TAMS 0x0000000705000000, 0x0000000704e00000| Untracked 
|  17|0x0000000705000000, 0x0000000705200000, 0x0000000705200000|100%| O|  |TAMS 0x0000000705200000, 0x0000000705000000| Untracked 
|  18|0x0000000705200000, 0x0000000705400000, 0x0000000705400000|100%| O|  |TAMS 0x0000000705400000, 0x0000000705200000| Untracked 
|  19|0x0000000705400000, 0x0000000705600000, 0x0000000705600000|100%| O|  |TAMS 0x0000000705600000, 0x0000000705400000| Untracked 
|  20|0x0000000705600000, 0x0000000705800000, 0x0000000705800000|100%| O|  |TAMS 0x0000000705800000, 0x0000000705600000| Untracked 
|  21|0x0000000705800000, 0x0000000705a00000, 0x0000000705a00000|100%| O|  |TAMS 0x0000000705a00000, 0x0000000705800000| Untracked 
|  22|0x0000000705a00000, 0x0000000705c00000, 0x0000000705c00000|100%| O|  |TAMS 0x0000000705c00000, 0x0000000705a00000| Untracked 
|  23|0x0000000705c00000, 0x0000000705e00000, 0x0000000705e00000|100%| O|  |TAMS 0x0000000705e00000, 0x0000000705c00000| Untracked 
|  24|0x0000000705e00000, 0x0000000706000000, 0x0000000706000000|100%| O|  |TAMS 0x0000000706000000, 0x0000000705e00000| Untracked 
|  25|0x0000000706000000, 0x0000000706200000, 0x0000000706200000|100%| O|  |TAMS 0x0000000706200000, 0x0000000706000000| Untracked 
|  26|0x0000000706200000, 0x0000000706400000, 0x0000000706400000|100%| O|  |TAMS 0x0000000706400000, 0x0000000706200000| Untracked 
|  27|0x0000000706400000, 0x0000000706400000, 0x0000000706600000|  0%| F|  |TAMS 0x0000000706400000, 0x0000000706400000| Untracked 
|  28|0x0000000706600000, 0x0000000706800000, 0x0000000706800000|100%| O|  |TAMS 0x0000000706800000, 0x0000000706600000| Untracked 
|  29|0x0000000706800000, 0x0000000706a00000, 0x0000000706a00000|100%| O|  |TAMS 0x0000000706a00000, 0x0000000706800000| Untracked 
|  30|0x0000000706a00000, 0x0000000706c00000, 0x0000000706c00000|100%| O|  |TAMS 0x0000000706c00000, 0x0000000706a00000| Untracked 
|  31|0x0000000706c00000, 0x0000000706e00000, 0x0000000706e00000|100%| O|  |TAMS 0x0000000706e00000, 0x0000000706c00000| Untracked 
|  32|0x0000000706e00000, 0x0000000707000000, 0x0000000707000000|100%| O|  |TAMS 0x0000000707000000, 0x0000000706e00000| Untracked 
|  33|0x0000000707000000, 0x0000000707200000, 0x0000000707200000|100%| O|  |TAMS 0x0000000707094c00, 0x0000000707000000| Untracked 
|  34|0x0000000707200000, 0x0000000707400000, 0x0000000707400000|100%| O|  |TAMS 0x0000000707200000, 0x0000000707200000| Untracked 
|  35|0x0000000707400000, 0x0000000707600000, 0x0000000707600000|100%| O|  |TAMS 0x0000000707400000, 0x0000000707400000| Untracked 
|  36|0x0000000707600000, 0x0000000707800000, 0x0000000707800000|100%| O|  |TAMS 0x0000000707600000, 0x0000000707600000| Untracked 
|  37|0x0000000707800000, 0x0000000707a00000, 0x0000000707a00000|100%| O|  |TAMS 0x0000000707800000, 0x0000000707800000| Untracked 
|  38|0x0000000707a00000, 0x0000000707c00000, 0x0000000707c00000|100%| O|  |TAMS 0x0000000707a00000, 0x0000000707a00000| Untracked 
|  39|0x0000000707c00000, 0x0000000707e00000, 0x0000000707e00000|100%| O|  |TAMS 0x0000000707c00000, 0x0000000707c00000| Untracked 
|  40|0x0000000707e00000, 0x0000000707f11800, 0x0000000708000000| 53%| O|  |TAMS 0x0000000707e00000, 0x0000000707e00000| Untracked 
|  41|0x0000000708000000, 0x0000000708000000, 0x0000000708200000|  0%| F|  |TAMS 0x0000000708000000, 0x0000000708000000| Untracked 
|  42|0x0000000708200000, 0x0000000708200000, 0x0000000708400000|  0%| F|  |TAMS 0x0000000708200000, 0x0000000708200000| Untracked 
|  43|0x0000000708400000, 0x0000000708400000, 0x0000000708600000|  0%| F|  |TAMS 0x0000000708400000, 0x0000000708400000| Untracked 
|  44|0x0000000708600000, 0x0000000708600000, 0x0000000708800000|  0%| F|  |TAMS 0x0000000708600000, 0x0000000708600000| Untracked 
|  45|0x0000000708800000, 0x0000000708800000, 0x0000000708a00000|  0%| F|  |TAMS 0x0000000708800000, 0x0000000708800000| Untracked 
|  46|0x0000000708a00000, 0x0000000708a00000, 0x0000000708c00000|  0%| F|  |TAMS 0x0000000708a00000, 0x0000000708a00000| Untracked 
|  47|0x0000000708c00000, 0x0000000708c00000, 0x0000000708e00000|  0%| F|  |TAMS 0x0000000708c00000, 0x0000000708c00000| Untracked 
|  48|0x0000000708e00000, 0x0000000708e00000, 0x0000000709000000|  0%| F|  |TAMS 0x0000000708e00000, 0x0000000708e00000| Untracked 
|  49|0x0000000709000000, 0x0000000709000000, 0x0000000709200000|  0%| F|  |TAMS 0x0000000709000000, 0x0000000709000000| Untracked 
|  50|0x0000000709200000, 0x0000000709200000, 0x0000000709400000|  0%| F|  |TAMS 0x0000000709200000, 0x0000000709200000| Untracked 
|  51|0x0000000709400000, 0x0000000709400000, 0x0000000709600000|  0%| F|  |TAMS 0x0000000709400000, 0x0000000709400000| Untracked 
|  52|0x0000000709600000, 0x0000000709600000, 0x0000000709800000|  0%| F|  |TAMS 0x0000000709600000, 0x0000000709600000| Untracked 
|  53|0x0000000709800000, 0x0000000709800000, 0x0000000709a00000|  0%| F|  |TAMS 0x0000000709800000, 0x0000000709800000| Untracked 
|  54|0x0000000709a00000, 0x0000000709a00000, 0x0000000709c00000|  0%| F|  |TAMS 0x0000000709a00000, 0x0000000709a00000| Untracked 
|  55|0x0000000709c00000, 0x0000000709c00000, 0x0000000709e00000|  0%| F|  |TAMS 0x0000000709c00000, 0x0000000709c00000| Untracked 
|  56|0x0000000709e00000, 0x0000000709e00000, 0x000000070a000000|  0%| F|  |TAMS 0x0000000709e00000, 0x0000000709e00000| Untracked 
|  57|0x000000070a000000, 0x000000070a000000, 0x000000070a200000|  0%| F|  |TAMS 0x000000070a000000, 0x000000070a000000| Untracked 
|  58|0x000000070a200000, 0x000000070a200000, 0x000000070a400000|  0%| F|  |TAMS 0x000000070a200000, 0x000000070a200000| Untracked 
|  59|0x000000070a400000, 0x000000070a400000, 0x000000070a600000|  0%| F|  |TAMS 0x000000070a400000, 0x000000070a400000| Untracked 
|  60|0x000000070a600000, 0x000000070a600000, 0x000000070a800000|  0%| F|  |TAMS 0x000000070a600000, 0x000000070a600000| Untracked 
|  61|0x000000070a800000, 0x000000070a800000, 0x000000070aa00000|  0%| F|  |TAMS 0x000000070a800000, 0x000000070a800000| Untracked 
|  62|0x000000070aa00000, 0x000000070aa00000, 0x000000070ac00000|  0%| F|  |TAMS 0x000000070aa00000, 0x000000070aa00000| Untracked 
|  63|0x000000070ac00000, 0x000000070ac00000, 0x000000070ae00000|  0%| F|  |TAMS 0x000000070ac00000, 0x000000070ac00000| Untracked 
|  64|0x000000070ae00000, 0x000000070ae00000, 0x000000070b000000|  0%| F|  |TAMS 0x000000070ae00000, 0x000000070ae00000| Untracked 
|  65|0x000000070b000000, 0x000000070b000000, 0x000000070b200000|  0%| F|  |TAMS 0x000000070b000000, 0x000000070b000000| Untracked 
|  66|0x000000070b200000, 0x000000070b200000, 0x000000070b400000|  0%| F|  |TAMS 0x000000070b200000, 0x000000070b200000| Untracked 
|  67|0x000000070b400000, 0x000000070b400000, 0x000000070b600000|  0%| F|  |TAMS 0x000000070b400000, 0x000000070b400000| Untracked 
|  68|0x000000070b600000, 0x000000070b600000, 0x000000070b800000|  0%| F|  |TAMS 0x000000070b600000, 0x000000070b600000| Untracked 
|  69|0x000000070b800000, 0x000000070b934370, 0x000000070ba00000| 60%| S|CS|TAMS 0x000000070b800000, 0x000000070b800000| Complete 
|  70|0x000000070ba00000, 0x000000070ba00000, 0x000000070bc00000|  0%| F|  |TAMS 0x000000070ba00000, 0x000000070ba00000| Untracked 
|  71|0x000000070bc00000, 0x000000070bc00000, 0x000000070be00000|  0%| F|  |TAMS 0x000000070bc00000, 0x000000070bc00000| Untracked 
|  72|0x000000070be00000, 0x000000070be00000, 0x000000070c000000|  0%| F|  |TAMS 0x000000070be00000, 0x000000070be00000| Untracked 
|  73|0x000000070c000000, 0x000000070c000000, 0x000000070c200000|  0%| F|  |TAMS 0x000000070c000000, 0x000000070c000000| Untracked 
|  74|0x000000070c200000, 0x000000070c200000, 0x000000070c400000|  0%| F|  |TAMS 0x000000070c200000, 0x000000070c200000| Untracked 
|  75|0x000000070c400000, 0x000000070c400000, 0x000000070c600000|  0%| F|  |TAMS 0x000000070c400000, 0x000000070c400000| Untracked 
|  76|0x000000070c600000, 0x000000070c600000, 0x000000070c800000|  0%| F|  |TAMS 0x000000070c600000, 0x000000070c600000| Untracked 
|  77|0x000000070c800000, 0x000000070c800000, 0x000000070ca00000|  0%| F|  |TAMS 0x000000070c800000, 0x000000070c800000| Untracked 
|  78|0x000000070ca00000, 0x000000070ca00000, 0x000000070cc00000|  0%| F|  |TAMS 0x000000070ca00000, 0x000000070ca00000| Untracked 
|  79|0x000000070cc00000, 0x000000070cc00000, 0x000000070ce00000|  0%| F|  |TAMS 0x000000070cc00000, 0x000000070cc00000| Untracked 
|  80|0x000000070ce00000, 0x000000070ce00000, 0x000000070d000000|  0%| F|  |TAMS 0x000000070ce00000, 0x000000070ce00000| Untracked 
|  81|0x000000070d000000, 0x000000070d000000, 0x000000070d200000|  0%| F|  |TAMS 0x000000070d000000, 0x000000070d000000| Untracked 
|  82|0x000000070d200000, 0x000000070d200000, 0x000000070d400000|  0%| F|  |TAMS 0x000000070d200000, 0x000000070d200000| Untracked 
|  83|0x000000070d400000, 0x000000070d400000, 0x000000070d600000|  0%| F|  |TAMS 0x000000070d400000, 0x000000070d400000| Untracked 
|  84|0x000000070d600000, 0x000000070d700800, 0x000000070d800000| 50%| E|  |TAMS 0x000000070d600000, 0x000000070d600000| Complete 
| 106|0x0000000710200000, 0x0000000710400000, 0x0000000710400000|100%| E|CS|TAMS 0x0000000710200000, 0x0000000710200000| Complete 
| 126|0x0000000712a00000, 0x0000000712c00000, 0x0000000712c00000|100%| E|CS|TAMS 0x0000000712a00000, 0x0000000712a00000| Complete 

Card table byte_map: [0x0000025fe1c60000,0x0000025fe2450000] _byte_map_base: 0x0000025fde449000

Marking Bits (Prev, Next): (CMBitMap*) 0x0000025fcecd9d50, (CMBitMap*) 0x0000025fcecd9d10
 Prev Bits: [0x0000025fe6b90000, 0x0000025feaad8000)
 Next Bits: [0x0000025fe2c40000, 0x0000025fe6b88000)

Polling page: 0x0000025fccc50000

Metaspace:

Usage:
  Non-class:     69.11 MB used.
      Class:      8.56 MB used.
       Both:     77.67 MB used.

Virtual space:
  Non-class space:      128.00 MB reserved,      69.25 MB ( 54%) committed,  2 nodes.
      Class space:        1.00 GB reserved,       8.75 MB ( <1%) committed,  1 nodes.
             Both:        1.12 GB reserved,      78.00 MB (  7%) committed. 

Chunk freelists:
   Non-Class:  10.09 MB
       Class:  7.30 MB
        Both:  17.39 MB

MaxMetaspaceSize: unlimited
CompressedClassSpaceSize: 1.00 GB
Initial GC threshold: 21.00 MB
Current GC threshold: 128.38 MB
CDS: off
MetaspaceReclaimPolicy: balanced
 - commit_granule_bytes: 65536.
 - commit_granule_words: 8192.
 - virtual_space_node_default_size: 8388608.
 - enlarge_chunks_in_place: 1.
 - new_chunks_are_fully_committed: 0.
 - uncommit_free_chunks: 1.
 - use_allocation_guard: 0.
 - handle_deallocations: 1.


Internal statistics:

num_allocs_failed_limit: 6.
num_arena_births: 318.
num_arena_deaths: 0.
num_vsnodes_births: 3.
num_vsnodes_deaths: 0.
num_space_committed: 1246.
num_space_uncommitted: 0.
num_chunks_returned_to_freelist: 6.
num_chunks_taken_from_freelist: 2865.
num_chunk_merges: 3.
num_chunk_splits: 2350.
num_chunks_enlarged: 2086.
num_inconsistent_stats: 0.

CodeHeap 'non-profiled nmethods': size=120000Kb used=6598Kb max_used=6598Kb free=113402Kb
 bounds [0x0000025fd9c10000, 0x0000025fda290000, 0x0000025fe1140000]
CodeHeap 'profiled nmethods': size=120000Kb used=33246Kb max_used=33246Kb free=86753Kb
 bounds [0x0000025fd2140000, 0x0000025fd41d0000, 0x0000025fd9670000]
CodeHeap 'non-nmethods': size=5760Kb used=1399Kb max_used=1501Kb free=4360Kb
 bounds [0x0000025fd9670000, 0x0000025fd98e0000, 0x0000025fd9c10000]
 total_blobs=12117 nmethods=11395 adapters=628
 compilation: enabled
              stopped_count=0, restarted_count=0
 full_count=0

Compilation events (20 events):
Event: 10.472 Thread 0x0000025fed73bec0 nmethod 13628 0x0000025fd34a5090 code [0x0000025fd34a5300, 0x0000025fd34a5938]
Event: 10.473 Thread 0x0000025fed73bec0 13629       2       org.jetbrains.kotlin.backend.common.lower.LocalDeclarationsLowering$LocalDeclarationsTransformer$collectLocalDeclarations$1::visitValueAccess (13 bytes)
Event: 10.473 Thread 0x0000025fed73bec0 nmethod 13629 0x0000025fd34a4790 code [0x0000025fd34a4980, 0x0000025fd34a4cd8]
Event: 10.473 Thread 0x0000025fed73bec0 13630       2       org.jetbrains.kotlin.backend.common.lower.LocalDeclarationsLowering$LocalDeclarationsTransformer$collectLocalDeclarations$1::visitValueAccess (8 bytes)
Event: 10.474 Thread 0x0000025fed73bec0 nmethod 13630 0x0000025fd3091c90 code [0x0000025fd3091ec0, 0x0000025fd3092308]
Event: 10.474 Thread 0x0000025fed73bec0 13634       2       org.jetbrains.kotlin.backend.common.DeclarationTransformer$Visitor::visitContainerExpression (6 bytes)
Event: 10.474 Thread 0x0000025fed73bec0 nmethod 13634 0x0000025fd3091090 code [0x0000025fd3091300, 0x0000025fd30918a8]
Event: 10.474 Thread 0x0000025fed73bec0 13635       2       org.jetbrains.kotlin.ir.util.PatchDeclarationParentsKt::patchDeclarationParents (58 bytes)
Event: 10.475 Thread 0x0000025fed73bec0 nmethod 13635 0x0000025fd308f990 code [0x0000025fd308fc80, 0x0000025fd3090978]
Event: 10.475 Thread 0x0000025fed73bec0 13636       2       org.jetbrains.kotlin.ir.util.DeepCopySymbolRemapper::visitConstructorCall (6 bytes)
Event: 10.475 Thread 0x0000025fed73bec0 nmethod 13636 0x0000025fd308f290 code [0x0000025fd308f480, 0x0000025fd308f768]
Event: 10.475 Thread 0x0000025fed73bec0 13637       2       org.jetbrains.kotlin.backend.common.lower.DefaultParameterInjector::shouldReplaceWithSyntheticFunction (143 bytes)
Event: 10.476 Thread 0x0000025fed73bec0 nmethod 13637 0x0000025fd308e210 code [0x0000025fd308e4c0, 0x0000025fd308ece8]
Event: 10.476 Thread 0x0000025fed73bec0 13638       2       org.jetbrains.kotlin.ir.visitors.IrElementVisitorVoid$DefaultImpls::visitField (14 bytes)
Event: 10.477 Thread 0x0000025fed73bec0 nmethod 13638 0x0000025fd37e4590 code [0x0000025fd37e4780, 0x0000025fd37e4a48]
Event: 10.477 Thread 0x0000025fed73bec0 13642 %     3       org.jetbrains.kotlin.ir.declarations.IrFunction::acceptChildren @ 122 (183 bytes)
Event: 10.478 Thread 0x0000025fed73bec0 nmethod 13642% 0x0000025fd37e0190 code [0x0000025fd37e0720, 0x0000025fd37e3798]
Event: 10.478 Thread 0x0000025fed73bec0 13639       2       org.jetbrains.kotlin.backend.common.ClassLoweringVisitor::visitVararg (13 bytes)
Event: 10.478 Thread 0x0000025fed73bec0 nmethod 13639 0x0000025fd37df690 code [0x0000025fd37df8e0, 0x0000025fd37dfdc8]
Event: 10.478 Thread 0x0000025fed73bec0 13640       2       org.jetbrains.kotlin.backend.common.ClassLoweringVisitor::visitVararg (7 bytes)

GC Heap History (20 events):
Event: 4.156 GC heap before
{Heap before GC invocations=15 (full 0):
 garbage-first heap   total 92160K, used 68621K [0x0000000702e00000, 0x0000000800000000)
  region size 2048K, 14 young (28672K), 1 survivors (2048K)
 Metaspace       used 54293K, committed 54528K, reserved 1114112K
  class space    used 6445K, committed 6528K, reserved 1048576K
}
Event: 4.160 GC heap after
{Heap after GC invocations=16 (full 0):
 garbage-first heap   total 92160K, used 42829K [0x0000000702e00000, 0x0000000800000000)
  region size 2048K, 1 young (2048K), 1 survivors (2048K)
 Metaspace       used 54293K, committed 54528K, reserved 1114112K
  class space    used 6445K, committed 6528K, reserved 1048576K
}
Event: 4.748 GC heap before
{Heap before GC invocations=17 (full 0):
 garbage-first heap   total 92160K, used 69453K [0x0000000702e00000, 0x0000000800000000)
  region size 2048K, 14 young (28672K), 1 survivors (2048K)
 Metaspace       used 56344K, committed 56576K, reserved 1114112K
  class space    used 6661K, committed 6784K, reserved 1048576K
}
Event: 4.757 GC heap after
{Heap after GC invocations=18 (full 0):
 garbage-first heap   total 92160K, used 47096K [0x0000000702e00000, 0x0000000800000000)
  region size 2048K, 2 young (4096K), 2 survivors (4096K)
 Metaspace       used 56344K, committed 56576K, reserved 1114112K
  class space    used 6661K, committed 6784K, reserved 1048576K
}
Event: 5.588 GC heap before
{Heap before GC invocations=18 (full 0):
 garbage-first heap   total 92160K, used 69624K [0x0000000702e00000, 0x0000000800000000)
  region size 2048K, 13 young (26624K), 2 survivors (4096K)
 Metaspace       used 58343K, committed 58560K, reserved 1114112K
  class space    used 6756K, committed 6848K, reserved 1048576K
}
Event: 5.597 GC heap after
{Heap after GC invocations=19 (full 0):
 garbage-first heap   total 141312K, used 50330K [0x0000000702e00000, 0x0000000800000000)
  region size 2048K, 2 young (4096K), 2 survivors (4096K)
 Metaspace       used 58343K, committed 58560K, reserved 1114112K
  class space    used 6756K, committed 6848K, reserved 1048576K
}
Event: 7.382 GC heap before
{Heap before GC invocations=20 (full 0):
 garbage-first heap   total 141312K, used 105626K [0x0000000702e00000, 0x0000000800000000)
  region size 2048K, 29 young (59392K), 2 survivors (4096K)
 Metaspace       used 60341K, committed 60608K, reserved 1114112K
  class space    used 6845K, committed 6976K, reserved 1048576K
}
Event: 7.391 GC heap after
{Heap after GC invocations=21 (full 0):
 garbage-first heap   total 141312K, used 56134K [0x0000000702e00000, 0x0000000800000000)
  region size 2048K, 4 young (8192K), 4 survivors (8192K)
 Metaspace       used 60341K, committed 60608K, reserved 1114112K
  class space    used 6845K, committed 6976K, reserved 1048576K
}
Event: 8.284 GC heap before
{Heap before GC invocations=21 (full 0):
 garbage-first heap   total 141312K, used 105286K [0x0000000702e00000, 0x0000000800000000)
  region size 2048K, 29 young (59392K), 4 survivors (8192K)
 Metaspace       used 67666K, committed 67968K, reserved 1114112K
  class space    used 7577K, committed 7744K, reserved 1048576K
}
Event: 8.297 GC heap after
{Heap after GC invocations=22 (full 0):
 garbage-first heap   total 141312K, used 60572K [0x0000000702e00000, 0x0000000800000000)
  region size 2048K, 3 young (6144K), 3 survivors (6144K)
 Metaspace       used 67666K, committed 67968K, reserved 1114112K
  class space    used 7577K, committed 7744K, reserved 1048576K
}
Event: 8.895 GC heap before
{Heap before GC invocations=22 (full 0):
 garbage-first heap   total 141312K, used 109724K [0x0000000702e00000, 0x0000000800000000)
  region size 2048K, 27 young (55296K), 3 survivors (6144K)
 Metaspace       used 69995K, committed 70336K, reserved 1114112K
  class space    used 7815K, committed 8000K, reserved 1048576K
}
Event: 8.905 GC heap after
{Heap after GC invocations=23 (full 0):
 garbage-first heap   total 141312K, used 66946K [0x0000000702e00000, 0x0000000800000000)
  region size 2048K, 4 young (8192K), 4 survivors (8192K)
 Metaspace       used 69995K, committed 70336K, reserved 1114112K
  class space    used 7815K, committed 8000K, reserved 1048576K
}
Event: 9.511 GC heap before
{Heap before GC invocations=23 (full 0):
 garbage-first heap   total 141312K, used 109954K [0x0000000702e00000, 0x0000000800000000)
  region size 2048K, 25 young (51200K), 4 survivors (8192K)
 Metaspace       used 73433K, committed 73728K, reserved 1179648K
  class space    used 8155K, committed 8320K, reserved 1048576K
}
Event: 9.529 GC heap after
{Heap after GC invocations=24 (full 0):
 garbage-first heap   total 141312K, used 75331K [0x0000000702e00000, 0x0000000800000000)
  region size 2048K, 4 young (8192K), 4 survivors (8192K)
 Metaspace       used 73433K, committed 73728K, reserved 1179648K
  class space    used 8155K, committed 8320K, reserved 1048576K
}
Event: 9.915 GC heap before
{Heap before GC invocations=24 (full 0):
 garbage-first heap   total 141312K, used 110147K [0x0000000702e00000, 0x0000000800000000)
  region size 2048K, 21 young (43008K), 4 survivors (8192K)
 Metaspace       used 78280K, committed 78528K, reserved 1179648K
  class space    used 8697K, committed 8832K, reserved 1048576K
}
Event: 9.927 GC heap after
{Heap after GC invocations=25 (full 0):
 garbage-first heap   total 141312K, used 81305K [0x0000000702e00000, 0x0000000800000000)
  region size 2048K, 3 young (6144K), 3 survivors (6144K)
 Metaspace       used 78280K, committed 78528K, reserved 1179648K
  class space    used 8697K, committed 8832K, reserved 1048576K
}
Event: 10.407 GC heap before
{Heap before GC invocations=26 (full 0):
 garbage-first heap   total 147456K, used 112025K [0x0000000702e00000, 0x0000000800000000)
  region size 2048K, 18 young (36864K), 3 survivors (6144K)
 Metaspace       used 79421K, committed 79680K, reserved 1179648K
  class space    used 8760K, committed 8896K, reserved 1048576K
}
Event: 10.417 GC heap after
{Heap after GC invocations=27 (full 0):
 garbage-first heap   total 147456K, used 82259K [0x0000000702e00000, 0x0000000800000000)
  region size 2048K, 1 young (2048K), 1 survivors (2048K)
 Metaspace       used 79421K, committed 79680K, reserved 1179648K
  class space    used 8760K, committed 8896K, reserved 1048576K
}
Event: 10.466 GC heap before
{Heap before GC invocations=27 (full 0):
 garbage-first heap   total 147456K, used 86355K [0x0000000702e00000, 0x0000000800000000)
  region size 2048K, 3 young (6144K), 1 survivors (2048K)
 Metaspace       used 79522K, committed 79872K, reserved 1179648K
  class space    used 8766K, committed 8960K, reserved 1048576K
}
Event: 10.471 GC heap after
{Heap after GC invocations=28 (full 0):
 garbage-first heap   total 178176K, used 81159K [0x0000000702e00000, 0x0000000800000000)
  region size 2048K, 1 young (2048K), 1 survivors (2048K)
 Metaspace       used 79522K, committed 79872K, reserved 1179648K
  class space    used 8766K, committed 8960K, reserved 1048576K
}

Dll operation events (2 events):
Event: 0.007 Loaded shared library C:\Program Files\Android\Android Studio\jbr\bin\java.dll
Event: 1.085 Loaded shared library C:\Program Files\Android\Android Studio\jbr\bin\verify.dll

Deoptimization events (20 events):
Event: 10.441 Thread 0x0000025fcec6b2f0 Uncommon trap: trap_request=0xffffffde fr.pc=0x0000025fda0fe538 relative=0x0000000000001a38
Event: 10.441 Thread 0x0000025fcec6b2f0 Uncommon trap: reason=class_check action=maybe_recompile pc=0x0000025fda0fe538 method=org.jetbrains.kotlin.ir.declarations.IrFunction.transformChildren(Lorg/jetbrains/kotlin/ir/visitors/IrElementTransformer;Ljava/lang/Object;)V @ 87 c2
Event: 10.441 Thread 0x0000025fcec6b2f0 DEOPT PACKING pc=0x0000025fda0fe538 sp=0x000000d70e7fd460
Event: 10.441 Thread 0x0000025fcec6b2f0 DEOPT UNPACKING pc=0x0000025fd96c69a3 sp=0x000000d70e7fd480 mode 2
Event: 10.441 Thread 0x0000025fcec6b2f0 Uncommon trap: trap_request=0xffffffde fr.pc=0x0000025fda17c594 relative=0x00000000000005b4
Event: 10.441 Thread 0x0000025fcec6b2f0 Uncommon trap: reason=class_check action=maybe_recompile pc=0x0000025fda17c594 method=org.jetbrains.kotlin.ir.declarations.IrFunction.acceptChildren(Lorg/jetbrains/kotlin/ir/visitors/IrElementVisitor;Ljava/lang/Object;)V @ 174 c2
Event: 10.442 Thread 0x0000025fcec6b2f0 DEOPT PACKING pc=0x0000025fda17c594 sp=0x000000d70e7fd310
Event: 10.442 Thread 0x0000025fcec6b2f0 DEOPT UNPACKING pc=0x0000025fd96c69a3 sp=0x000000d70e7fcde8 mode 2
Event: 10.442 Thread 0x0000025fcec6b2f0 Uncommon trap: trap_request=0xffffffde fr.pc=0x0000025fda17c594 relative=0x00000000000005b4
Event: 10.442 Thread 0x0000025fcec6b2f0 Uncommon trap: reason=class_check action=maybe_recompile pc=0x0000025fda17c594 method=org.jetbrains.kotlin.ir.declarations.IrFunction.acceptChildren(Lorg/jetbrains/kotlin/ir/visitors/IrElementVisitor;Ljava/lang/Object;)V @ 174 c2
Event: 10.442 Thread 0x0000025fcec6b2f0 DEOPT PACKING pc=0x0000025fda17c594 sp=0x000000d70e7fd310
Event: 10.442 Thread 0x0000025fcec6b2f0 DEOPT UNPACKING pc=0x0000025fd96c69a3 sp=0x000000d70e7fcde8 mode 2
Event: 10.442 Thread 0x0000025fcec6b2f0 Uncommon trap: trap_request=0xffffffde fr.pc=0x0000025fda16fc60 relative=0x0000000000000780
Event: 10.442 Thread 0x0000025fcec6b2f0 Uncommon trap: reason=class_check action=maybe_recompile pc=0x0000025fda16fc60 method=org.jetbrains.kotlin.ir.declarations.IrFunction.acceptChildren(Lorg/jetbrains/kotlin/ir/visitors/IrElementVisitor;Ljava/lang/Object;)V @ 174 c2
Event: 10.442 Thread 0x0000025fcec6b2f0 DEOPT PACKING pc=0x0000025fda16fc60 sp=0x000000d70e7fd1d0
Event: 10.442 Thread 0x0000025fcec6b2f0 DEOPT UNPACKING pc=0x0000025fd96c69a3 sp=0x000000d70e7fd148 mode 2
Event: 10.443 Thread 0x0000025fcec6b2f0 Uncommon trap: trap_request=0xffffffde fr.pc=0x0000025fd9f71300 relative=0x0000000000000800
Event: 10.443 Thread 0x0000025fcec6b2f0 Uncommon trap: reason=class_check action=maybe_recompile pc=0x0000025fd9f71300 method=org.jetbrains.kotlin.ir.declarations.IrFunction.acceptChildren(Lorg/jetbrains/kotlin/ir/visitors/IrElementVisitor;Ljava/lang/Object;)V @ 174 c2
Event: 10.443 Thread 0x0000025fcec6b2f0 DEOPT PACKING pc=0x0000025fd9f71300 sp=0x000000d70e7fda00
Event: 10.443 Thread 0x0000025fcec6b2f0 DEOPT UNPACKING pc=0x0000025fd96c69a3 sp=0x000000d70e7fd5f8 mode 2

Classes unloaded (0 events):
No events

Classes redefined (0 events):
No events

Internal exceptions (20 events):
Event: 3.043 Thread 0x0000025fcec6b2f0 Exception <a 'java/lang/NoSuchMethodError'{0x00000007063dca58}: 'java.lang.Object java.lang.invoke.DirectMethodHandle$Holder.invokeStaticInit(java.lang.Object, java.lang.Object, java.lang.Object)'> (0x00000007063dca58) 
thrown [s\src\hotspot\share\interpreter\linkResolver.cpp, line 771]
Event: 3.459 Thread 0x0000025fcec6b2f0 Implicit null exception at 0x0000025fd9c6a80f to 0x0000025fd9c6aaa8
Event: 3.459 Thread 0x0000025fcec6b2f0 Implicit null exception at 0x0000025fd9c7360f to 0x0000025fd9c73689
Event: 3.566 Thread 0x0000025fcec6b2f0 Exception <a 'java/lang/NoSuchMethodError'{0x0000000710328ac8}: 'java.lang.Object java.lang.invoke.DirectMethodHandle$Holder.newInvokeSpecial(java.lang.Object, int, java.lang.Object)'> (0x0000000710328ac8) 
thrown [s\src\hotspot\share\interpreter\linkResolver.cpp, line 771]
Event: 3.567 Thread 0x0000025fcec6b2f0 Exception <a 'java/lang/NoSuchMethodError'{0x000000071032f128}: 'int java.lang.invoke.DirectMethodHandle$Holder.invokeInterface(java.lang.Object, java.lang.Object)'> (0x000000071032f128) 
thrown [s\src\hotspot\share\interpreter\linkResolver.cpp, line 771]
Event: 4.137 Thread 0x0000025fcec6b2f0 Implicit null exception at 0x0000025fd9d4d74c to 0x0000025fd9d4d854
Event: 4.660 Thread 0x0000025fcec6b2f0 Implicit null exception at 0x0000025fd9e85640 to 0x0000025fd9e85e50
Event: 4.801 Thread 0x0000025fcec6b2f0 Exception <a 'java/lang/NoSuchMethodError'{0x0000000712ba6350}: 'java.lang.Object java.lang.invoke.DirectMethodHandle$Holder.newInvokeSpecial(java.lang.Object, java.lang.Object, java.lang.Object, java.lang.Object, java.lang.Object, java.lang.Object, java.lang.Object)'> (0x0000000712ba6350) 
thrown [s\src\hotspot\share\interpreter\linkResolver.cpp, line 771]
Event: 4.801 Thread 0x0000025fcec6b2f0 Exception <a 'java/lang/NoSuchMethodError'{0x0000000712bab458}: 'java.lang.Object java.lang.invoke.Invokers$Holder.linkToTargetMethod(java.lang.Object, java.lang.Object, java.lang.Object, java.lang.Object, java.lang.Object, java.lang.Object, java.lang.Object)'> (0x0000000712bab458) 
thrown [s\src\hotspot\share\interpreter\linkResolver.cpp, line 771]
Event: 5.031 Thread 0x0000025fcec6b2f0 Exception <a 'java/lang/NoSuchMethodError'{0x0000000707e3c6b0}: 'int java.lang.invoke.DirectMethodHandle$Holder.invokeStaticInit(java.lang.Object, int)'> (0x0000000707e3c6b0) 
thrown [s\src\hotspot\share\interpreter\linkResolver.cpp, line 771]
Event: 5.068 Thread 0x0000025fcec6b2f0 Exception <a 'java/lang/NoSuchMethodError'{0x0000000707f65b50}: 'java.lang.Object java.lang.invoke.DirectMethodHandle$Holder.invokeInterface(java.lang.Object, java.lang.Object, java.lang.Object)'> (0x0000000707f65b50) 
thrown [s\src\hotspot\share\interpreter\linkResolver.cpp, line 771]
Event: 5.068 Thread 0x0000025fcec6b2f0 Exception <a 'java/lang/IncompatibleClassChangeError'{0x0000000707f69a10}: Found class java.lang.Object, but interface was expected> (0x0000000707f69a10) 
thrown [s\src\hotspot\share\interpreter\linkResolver.cpp, line 838]
Event: 5.741 Thread 0x0000025fcec6b2f0 Exception <a 'java/lang/NoSuchMethodError'{0x000000070b0272e0}: 'java.lang.Object java.lang.invoke.DirectMethodHandle$Holder.invokeStatic(java.lang.Object, int, java.lang.Object)'> (0x000000070b0272e0) 
thrown [s\src\hotspot\share\interpreter\linkResolver.cpp, line 771]
Event: 7.310 Thread 0x0000025fcec6b2f0 Exception <a 'java/lang/NoSuchMethodError'{0x0000000708223330}: 'java.lang.Object java.lang.invoke.DirectMethodHandle$Holder.newInvokeSpecial(java.lang.Object, int, java.lang.Object, java.lang.Object)'> (0x0000000708223330) 
thrown [s\src\hotspot\share\interpreter\linkResolver.cpp, line 771]
Event: 7.726 Thread 0x0000025fcec6b2f0 Exception <a 'java/lang/NoSuchMethodError'{0x000000070a460f10}: 'java.lang.Object java.lang.invoke.DirectMethodHandle$Holder.invokeStaticInit(java.lang.Object, java.lang.Object, java.lang.Object, java.lang.Object)'> (0x000000070a460f10) 
thrown [s\src\hotspot\share\interpreter\linkResolver.cpp, line 771]
Event: 7.895 Thread 0x0000025fcec6b2f0 Implicit null exception at 0x0000025fd9c783e0 to 0x0000025fd9c7847a
Event: 7.974 Thread 0x0000025fcec6b2f0 Exception <a 'java/lang/NoSuchMethodError'{0x00000007095c46f8}: 'java.lang.Object java.lang.invoke.DirectMethodHandle$Holder.newInvokeSpecial(java.lang.Object, java.lang.Object, java.lang.Object, int, int)'> (0x00000007095c46f8) 
thrown [s\src\hotspot\share\interpreter\linkResolver.cpp, line 771]
Event: 7.975 Thread 0x0000025fcec6b2f0 Exception <a 'java/lang/NoSuchMethodError'{0x00000007095c8538}: 'java.lang.Object java.lang.invoke.DirectMethodHandle$Holder.invokeSpecial(java.lang.Object, java.lang.Object, java.lang.Object, java.lang.Object, int, int)'> (0x00000007095c8538) 
thrown [s\src\hotspot\share\interpreter\linkResolver.cpp, line 771]
Event: 7.988 Thread 0x0000025fcec6b2f0 Exception <a 'java/lang/NoSuchMethodError'{0x0000000709250138}: 'java.lang.Object java.lang.invoke.Invokers$Holder.linkToTargetMethod(java.lang.Object, java.lang.Object, int, int, java.lang.Object, java.lang.Object, java.lang.Object, java.lang.Object, java.lang.Object)'> (0x0000000709250138) 
thrown [s\src\hotspot\share\interpreter\linkResolver.cpp, line 771]
Event: 9.797 Thread 0x0000025fcec6b2f0 Implicit null exception at 0x0000025fd9c7e020 to 0x0000025fd9c7e320

VM Operations (20 events):
Event: 10.050 Executing VM operation: G1PauseCleanup
Event: 10.050 Executing VM operation: G1PauseCleanup done
Event: 10.075 Executing VM operation: HandshakeAllThreads
Event: 10.075 Executing VM operation: HandshakeAllThreads done
Event: 10.077 Executing VM operation: HandshakeAllThreads
Event: 10.077 Executing VM operation: HandshakeAllThreads done
Event: 10.092 Executing VM operation: HandshakeAllThreads
Event: 10.092 Executing VM operation: HandshakeAllThreads done
Event: 10.093 Executing VM operation: HandshakeAllThreads
Event: 10.093 Executing VM operation: HandshakeAllThreads done
Event: 10.181 Executing VM operation: ICBufferFull
Event: 10.181 Executing VM operation: ICBufferFull done
Event: 10.294 Executing VM operation: HandshakeAllThreads
Event: 10.295 Executing VM operation: HandshakeAllThreads done
Event: 10.314 Executing VM operation: ICBufferFull
Event: 10.314 Executing VM operation: ICBufferFull done
Event: 10.407 Executing VM operation: G1CollectForAllocation
Event: 10.417 Executing VM operation: G1CollectForAllocation done
Event: 10.466 Executing VM operation: G1CollectForAllocation
Event: 10.471 Executing VM operation: G1CollectForAllocation done

Events (20 events):
Event: 10.318 Thread 0x0000025fed74cf10 flushing nmethod 0x0000025fd3c61090
Event: 10.318 Thread 0x0000025fed74cf10 flushing nmethod 0x0000025fd3c6fb10
Event: 10.318 Thread 0x0000025fed74cf10 flushing nmethod 0x0000025fd3c73390
Event: 10.318 Thread 0x0000025fed74cf10 flushing nmethod 0x0000025fd3c74790
Event: 10.318 Thread 0x0000025fed74cf10 flushing nmethod 0x0000025fd3c87f10
Event: 10.318 Thread 0x0000025fed74cf10 flushing nmethod 0x0000025fd3c8a210
Event: 10.318 Thread 0x0000025fed74cf10 flushing nmethod 0x0000025fd3c97c90
Event: 10.318 Thread 0x0000025fed74cf10 flushing nmethod 0x0000025fd3c9dd90
Event: 10.318 Thread 0x0000025fed74cf10 flushing nmethod 0x0000025fd3ca6890
Event: 10.318 Thread 0x0000025fed74cf10 flushing nmethod 0x0000025fd3cabe10
Event: 10.318 Thread 0x0000025fed74cf10 flushing nmethod 0x0000025fd3caf990
Event: 10.318 Thread 0x0000025fed74cf10 flushing nmethod 0x0000025fd3cd3210
Event: 10.318 Thread 0x0000025fed74cf10 flushing nmethod 0x0000025fd3cf3490
Event: 10.319 Thread 0x0000025fed74cf10 flushing nmethod 0x0000025fd3cf5e90
Event: 10.319 Thread 0x0000025fed74cf10 flushing nmethod 0x0000025fd3cf9c10
Event: 10.319 Thread 0x0000025fed74cf10 flushing nmethod 0x0000025fd3cfb110
Event: 10.319 Thread 0x0000025fed74cf10 flushing nmethod 0x0000025fd3d09710
Event: 10.320 Thread 0x0000025fed74cf10 flushing nmethod 0x0000025fd3e28010
Event: 10.320 Thread 0x0000025fed74cf10 flushing nmethod 0x0000025fd3e28390
Event: 10.320 Thread 0x0000025fed74cf10 flushing nmethod 0x0000025fd3e3ed10


Dynamic libraries:
0x00007ff6dc2e0000 - 0x00007ff6dc2ea000 	C:\Program Files\Android\Android Studio\jbr\bin\java.exe
0x00007ffc30a10000 - 0x00007ffc30c26000 	C:\Windows\SYSTEM32\ntdll.dll
0x00007ffc2f150000 - 0x00007ffc2f214000 	C:\Windows\System32\KERNEL32.DLL
0x00007ffc2de90000 - 0x00007ffc2e237000 	C:\Windows\System32\KERNELBASE.dll
0x00007ffc2e240000 - 0x00007ffc2e351000 	C:\Windows\System32\ucrtbase.dll
0x00007ffbf9640000 - 0x00007ffbf965b000 	C:\Program Files\Android\Android Studio\jbr\bin\VCRUNTIME140.dll
0x00007ffc1e210000 - 0x00007ffc1e227000 	C:\Program Files\Android\Android Studio\jbr\bin\jli.dll
0x00007ffc301b0000 - 0x00007ffc3035e000 	C:\Windows\System32\USER32.dll
0x00007ffc2e500000 - 0x00007ffc2e526000 	C:\Windows\System32\win32u.dll
0x00007ffc11930000 - 0x00007ffc11bc3000 	C:\Windows\WinSxS\amd64_microsoft.windows.common-controls_6595b64144ccf1df_6.0.22621.3235_none_270f74e173860f98\COMCTL32.dll
0x00007ffc2fea0000 - 0x00007ffc2fec9000 	C:\Windows\System32\GDI32.dll
0x00007ffc2fed0000 - 0x00007ffc2ff77000 	C:\Windows\System32\msvcrt.dll
0x00007ffc2e3e0000 - 0x00007ffc2e4f9000 	C:\Windows\System32\gdi32full.dll
0x00007ffc2dd30000 - 0x00007ffc2ddca000 	C:\Windows\System32\msvcp_win.dll
0x00007ffc2ff90000 - 0x00007ffc2ffc1000 	C:\Windows\System32\IMM32.DLL
0x00007ffbfdd60000 - 0x00007ffbfdd6c000 	C:\Program Files\Android\Android Studio\jbr\bin\vcruntime140_1.dll
0x00007ffbdb260000 - 0x00007ffbdb2ed000 	C:\Program Files\Android\Android Studio\jbr\bin\msvcp140.dll
0x00007ffba0160000 - 0x00007ffba0de3000 	C:\Program Files\Android\Android Studio\jbr\bin\server\jvm.dll
0x00007ffc2ffd0000 - 0x00007ffc30082000 	C:\Windows\System32\ADVAPI32.dll
0x00007ffc30100000 - 0x00007ffc301a8000 	C:\Windows\System32\sechost.dll
0x00007ffc2e530000 - 0x00007ffc2e558000 	C:\Windows\System32\bcrypt.dll
0x00007ffc307b0000 - 0x00007ffc308c5000 	C:\Windows\System32\RPCRT4.dll
0x00007ffc2dc00000 - 0x00007ffc2dc4d000 	C:\Windows\SYSTEM32\POWRPROF.dll
0x00007ffc29b70000 - 0x00007ffc29ba4000 	C:\Windows\SYSTEM32\WINMM.dll
0x00007ffbe3870000 - 0x00007ffbe3879000 	C:\Windows\SYSTEM32\WSOCK32.dll
0x00007ffc27f90000 - 0x00007ffc27f9a000 	C:\Windows\SYSTEM32\VERSION.dll
0x00007ffc306c0000 - 0x00007ffc30731000 	C:\Windows\System32\WS2_32.dll
0x00007ffc2da30000 - 0x00007ffc2da43000 	C:\Windows\SYSTEM32\UMPDC.dll
0x00007ffc2cd30000 - 0x00007ffc2cd48000 	C:\Windows\SYSTEM32\kernel.appcore.dll
0x00007ffc2b080000 - 0x00007ffc2b08a000 	C:\Program Files\Android\Android Studio\jbr\bin\jimage.dll
0x00007ffc16d20000 - 0x00007ffc16f53000 	C:\Windows\SYSTEM32\DBGHELP.DLL
0x00007ffc2f6c0000 - 0x00007ffc2fa48000 	C:\Windows\System32\combase.dll
0x00007ffc2fc00000 - 0x00007ffc2fcd7000 	C:\Windows\System32\OLEAUT32.dll
0x00007ffc16c40000 - 0x00007ffc16c72000 	C:\Windows\SYSTEM32\dbgcore.DLL
0x00007ffc2e360000 - 0x00007ffc2e3d9000 	C:\Windows\System32\bcryptPrimitives.dll
0x00007ffc1e330000 - 0x00007ffc1e355000 	C:\Program Files\Android\Android Studio\jbr\bin\java.dll
0x00007ffc285a0000 - 0x00007ffc285b8000 	C:\Program Files\Android\Android Studio\jbr\bin\zip.dll
0x00007ffc2e7f0000 - 0x00007ffc2f04c000 	C:\Windows\System32\SHELL32.dll
0x00007ffc2bc40000 - 0x00007ffc2c539000 	C:\Windows\SYSTEM32\windows.storage.dll
0x00007ffc2bb00000 - 0x00007ffc2bc3e000 	C:\Windows\SYSTEM32\wintypes.dll
0x00007ffc2f050000 - 0x00007ffc2f143000 	C:\Windows\System32\SHCORE.dll
0x00007ffc30750000 - 0x00007ffc307ae000 	C:\Windows\System32\shlwapi.dll
0x00007ffc2dc60000 - 0x00007ffc2dc81000 	C:\Windows\SYSTEM32\profapi.dll
0x00007ffc1e2e0000 - 0x00007ffc1e2f9000 	C:\Program Files\Android\Android Studio\jbr\bin\net.dll
0x00007ffc27c60000 - 0x00007ffc27d96000 	C:\Windows\SYSTEM32\WINHTTP.dll
0x00007ffc2d190000 - 0x00007ffc2d1f9000 	C:\Windows\system32\mswsock.dll
0x00007ffc1e2c0000 - 0x00007ffc1e2d6000 	C:\Program Files\Android\Android Studio\jbr\bin\nio.dll
0x00007ffc1e2a0000 - 0x00007ffc1e2b0000 	C:\Program Files\Android\Android Studio\jbr\bin\verify.dll

dbghelp: loaded successfully - version: 4.0.5 - missing functions: none
symbol engine: initialized successfully - sym options: 0x614 - pdb path: .;C:\Program Files\Android\Android Studio\jbr\bin;C:\Windows\SYSTEM32;C:\Windows\WinSxS\amd64_microsoft.windows.common-controls_6595b64144ccf1df_6.0.22621.3235_none_270f74e173860f98;C:\Program Files\Android\Android Studio\jbr\bin\server

VM Arguments:
java_command: org.jetbrains.kotlin.cli.jvm.K2JVMCompiler @C:\Users\sotch\AndroidStudioProjects\ADOPSE_APP\ADOPSE_APP\app\build\20240423_14405039035958934347.compiler.options
java_class_path (initial): C:\Users\sotch\.gradle\caches\modules-2\files-2.1\org.jetbrains.kotlin\kotlin-compiler-embeddable\1.9.0\2c8c3a7402becca891f12739b3e9fd2dc2adbd7a\kotlin-compiler-embeddable-1.9.0.jar;C:\Users\sotch\.gradle\caches\modules-2\files-2.1\org.jetbrains.kotlin\kotlin-stdlib\1.9.0\8ee15ef0c67dc83d874f412d84378d7f0eb50b63\kotlin-stdlib-1.9.0.jar;C:\Users\sotch\.gradle\caches\modules-2\files-2.1\org.jetbrains.kotlin\kotlin-script-runtime\1.9.0\4b3102cbbb7e1b58d9d1adf89563f00069ffa7d1\kotlin-script-runtime-1.9.0.jar;C:\Users\sotch\.gradle\caches\modules-2\files-2.1\org.jetbrains.kotlin\kotlin-reflect\1.6.10\1cbe9c92c12a94eea200d23c2bbaedaf3daf5132\kotlin-reflect-1.6.10.jar;C:\Users\sotch\.gradle\caches\modules-2\files-2.1\org.jetbrains.kotlin\kotlin-daemon-embeddable\1.9.0\186543f5e28cf8d9a0290fecc2cf34301c40a65c\kotlin-daemon-embeddable-1.9.0.jar;C:\Users\sotch\.gradle\caches\modules-2\files-2.1\org.jetbrains.intellij.deps\trove4j\1.0.20200330\3afb14d5f9ceb459d724e907a21145e8ff394f02\trove4j-1.0.20200330.jar;C:\Users\sotch\.gradle\caches\modules-2\files-2.1\org.jetbrains.kotlin\kotlin-stdlib-common\1.9.0\cd65c21cfd1eec4d44ef09f9f52b6d9f8a720636\kotlin-stdlib-common-1.9.0.jar;C:\Users\sotch\.gradle\caches\modules-2\files-2.1\org.jetbrains\annotations\13.0\919f0dfe192fb4e063e7dacadee7f8bb9a2672a9\annotations-13.0.jar
Launcher Type: SUN_STANDARD

[Global flags]
     intx CICompilerCount                          = 4                                         {product} {ergonomic}
     uint ConcGCThreads                            = 2                                         {product} {ergonomic}
     uint G1ConcRefinementThreads                  = 8                                         {product} {ergonomic}
   size_t G1HeapRegionSize                         = 2097152                                   {product} {ergonomic}
    uintx GCDrainStackTargetSize                   = 64                                        {product} {ergonomic}
   size_t InitialHeapSize                          = 266338304                                 {product} {ergonomic}
   size_t MarkStackSize                            = 4194304                                   {product} {ergonomic}
   size_t MaxHeapSize                              = 4246732800                                {product} {ergonomic}
   size_t MaxNewSize                               = 2548039680                                {product} {ergonomic}
   size_t MinHeapDeltaBytes                        = 2097152                                   {product} {ergonomic}
   size_t MinHeapSize                              = 8388608                                   {product} {ergonomic}
    uintx NonNMethodCodeHeapSize                   = 5839372                                {pd product} {ergonomic}
    uintx NonProfiledCodeHeapSize                  = 122909434                              {pd product} {ergonomic}
    uintx ProfiledCodeHeapSize                     = 122909434                              {pd product} {ergonomic}
    uintx ReservedCodeCacheSize                    = 251658240                              {pd product} {ergonomic}
     bool SegmentedCodeCache                       = true                                      {product} {ergonomic}
   size_t SoftMaxHeapSize                          = 4246732800                             {manageable} {ergonomic}
     bool UseCompressedClassPointers               = true                           {product lp64_product} {ergonomic}
     bool UseCompressedOops                        = true                           {product lp64_product} {ergonomic}
     bool UseG1GC                                  = true                                      {product} {ergonomic}
     bool UseLargePagesIndividualAllocation        = false                                  {pd product} {ergonomic}

Logging:
Log output configuration:
 #0: stdout all=warning uptime,level,tags
 #1: stderr all=off uptime,level,tags

Environment Variables:
PATH=C:\Program Files\Common Files\Oracle\Java\javapath;C:\Windows\system32;C:\Windows;C:\Windows\System32\Wbem;C:\Windows\System32\WindowsPowerShell\v1.0\;C:\Windows\System32\OpenSSH\;C:\Program Files\Microsoft VS Code\bin;C:\Program Files\dotnet\;C:\Program Files\Git\cmd;C:\Program Files\nodejs\;C:\Program Files\Docker\Docker\resources\bin;C:\Users\sotch\AppData\Local\Programs\Python\Python312\Scripts\;C:\Users\sotch\AppData\Local\Programs\Python\Python312\;C:\Users\sotch\AppData\Local\Microsoft\WindowsApps;C:\Users\sotch\AppData\Local\GitHubDesktop\bin;C:\Users\sotch\AppData\Roaming\npm;C:\Users\sotch\.dotnet\tools
USERNAME=sotch
OS=Windows_NT
PROCESSOR_IDENTIFIER=Intel64 Family 6 Model 165 Stepping 3, GenuineIntel
TMP=C:\Users\sotch\AppData\Local\Temp
TEMP=C:\Users\sotch\AppData\Local\Temp



Periodic native trim disabled

JNI global refs:
JNI global refs: 14, weak refs: 23

JNI global refs memory usage: 843, weak refs: 841

OOME stack traces (most recent first):
Classloader memory used:
Loader jdk.internal.loader.ClassLoaders$AppClassLoader                                 : 8337K
Loader bootstrap                                                                       : 1364K
Loader java.net.URLClassLoader                                                         : 222K
Loader jdk.internal.reflect.DelegatingClassLoader                                      : 18026B


---------------  S Y S T E M  ---------------

OS:
 Windows 11 , 64 bit Build 22621 (10.0.22621.3374)
OS uptime: 6 days 7:13 hours
Hyper-V role detected

CPU: total 8 (initial active 8) (4 cores per cpu, 2 threads per core) family 6 model 165 stepping 3 microcode 0xf4, cx8, cmov, fxsr, ht, mmx, 3dnowpref, sse, sse2, sse3, ssse3, sse4.1, sse4.2, popcnt, lzcnt, tsc, tscinvbit, avx, avx2, aes, erms, clmul, bmi1, bmi2, adx, fma, vzeroupper, clflush, clflushopt, hv
Processor Information for all 8 processors :
  Max Mhz: 3696, Current Mhz: 3696, Mhz Limit: 3696

Memory: 4k page, system-wide physical 16197M (488M free)
TotalPageFile size 44703M (AvailPageFile size 7M)
current process WorkingSet (physical memory assigned to process): 377M, peak: 387M
current process commit charge ("private bytes"): 443M, peak: 447M

vm_info: OpenJDK 64-Bit Server VM (17.0.9+0--11185874) for windows-amd64 JRE (17.0.9+0--11185874), built on Dec  6 2023 18:57:44 by "androidbuild" with MS VC++ 16.10 / 16.11 (VS2019)

END.
